Log file open, 10/04/19 18:19:51
LogWindows: Failed to load 'aqProf.dll' (GetLastError=126)
LogWindows: File 'aqProf.dll' does not exist
LogWindows: Failed to load 'VtuneApi.dll' (GetLastError=126)
LogWindows: File 'VtuneApi.dll' does not exist
LogWindows: Failed to load 'VtuneApi32e.dll' (GetLastError=126)
LogWindows: File 'VtuneApi32e.dll' does not exist
LogConsoleResponse: Display: Failed to find resolution value strings in scalability ini. Falling back to default.
LogInit: Display: Running engine for game: SpeedyBoyMarket
LogPlatformFile: Not using cached read wrapper
LogTaskGraph: Started task graph with 5 named threads and 23 total threads with 3 sets of task threads.
LogStats: Stats thread started at 0.090244
LogD3D11RHI: Loaded GFSDK_Aftermath_Lib.x64.dll
LogICUInternationalization: ICU TimeZone Detection - Raw Offset: -5:00, Platform Override: ''
LogPluginManager: Mounting plugin Paper2D
LogPluginManager: Mounting plugin AISupport
LogPluginManager: Mounting plugin LightPropagationVolume
LogPluginManager: Mounting plugin ActorLayerUtilities
LogPluginManager: Mounting plugin AnimationSharing
LogPluginManager: Mounting plugin CLionSourceCodeAccess
LogPluginManager: Mounting plugin CodeLiteSourceCodeAccess
LogPluginManager: Mounting plugin GitSourceControl
LogPluginManager: Mounting plugin KDevelopSourceCodeAccess
LogPluginManager: Mounting plugin NullSourceCodeAccess
LogPluginManager: Mounting plugin PerforceSourceControl
LogPluginManager: Mounting plugin SubversionSourceControl
LogPluginManager: Mounting plugin UObjectPlugin
LogPluginManager: Mounting plugin VisualStudioCodeSourceCodeAccess
LogPluginManager: Mounting plugin VisualStudioSourceCodeAccess
LogPluginManager: Mounting plugin XCodeSourceCodeAccess
LogPluginManager: Mounting plugin AssetManagerEditor
LogPluginManager: Mounting plugin CryptoKeys
LogPluginManager: Mounting plugin CurveEditorTools
LogPluginManager: Mounting plugin DataValidation
LogPluginManager: Mounting plugin FacialAnimation
LogPluginManager: Mounting plugin GameplayTagsEditor
LogPluginManager: Mounting plugin MacGraphicsSwitching
LogPluginManager: Mounting plugin MaterialAnalyzer
LogPluginManager: Mounting plugin MobileLauncherProfileWizard
LogPluginManager: Mounting plugin PluginBrowser
LogPluginManager: Mounting plugin SpeedTreeImporter
LogPluginManager: Mounting plugin DatasmithContent
LogPluginManager: Mounting plugin VariantManagerContent
LogPluginManager: Mounting plugin AlembicImporter
LogPluginManager: Mounting plugin AutomationUtils
LogPluginManager: Mounting plugin BackChannel
LogPluginManager: Mounting plugin CharacterAI
LogPluginManager: Mounting plugin GeometryCache
LogPluginManager: Mounting plugin HTML5Networking
LogPluginManager: Mounting plugin PlatformCrypto
LogPluginManager: Mounting plugin ProxyLODPlugin
LogPluginManager: Mounting plugin SkeletalReduction
LogPluginManager: Mounting plugin MagicLeap
LogPluginManager: Mounting plugin MagicLeapMedia
LogPluginManager: Mounting plugin AndroidMedia
LogPluginManager: Mounting plugin AvfMedia
LogPluginManager: Mounting plugin ImgMedia
LogPluginManager: Mounting plugin MediaCompositing
LogPluginManager: Mounting plugin MediaPlayerEditor
LogPluginManager: Mounting plugin WebMMedia
LogPluginManager: Mounting plugin WmfMedia
LogPluginManager: Mounting plugin TcpMessaging
LogPluginManager: Mounting plugin UdpMessaging
LogPluginManager: Mounting plugin ActorSequence
LogPluginManager: Mounting plugin LevelSequenceEditor
LogPluginManager: Mounting plugin MatineeToLevelSequence
LogPluginManager: Mounting plugin NetcodeUnitTest
LogPluginManager: Mounting plugin NUTUnrealEngine4
LogPluginManager: Mounting plugin OnlineSubsystemGooglePlay
LogPluginManager: Mounting plugin OnlineSubsystemIOS
LogPluginManager: Mounting plugin OnlineSubsystem
LogPluginManager: Mounting plugin OnlineSubsystemNull
LogPluginManager: Mounting plugin OnlineSubsystemUtils
LogPluginManager: Mounting plugin LauncherChunkInstaller
LogPluginManager: Mounting plugin AndroidDeviceProfileSelector
LogPluginManager: Mounting plugin AndroidMoviePlayer
LogPluginManager: Mounting plugin AndroidPermission
LogPluginManager: Mounting plugin AppleImageUtils
LogPluginManager: Mounting plugin AppleMoviePlayer
LogPluginManager: Mounting plugin ArchVisCharacter
LogPluginManager: Mounting plugin AudioCapture
LogPluginManager: Mounting plugin CableComponent
LogPluginManager: Mounting plugin CustomMeshComponent
LogPluginManager: Mounting plugin EditableMesh
LogPluginManager: Mounting plugin ExampleDeviceProfileSelector
LogPluginManager: Mounting plugin GoogleCloudMessaging
LogPluginManager: Mounting plugin IOSDeviceProfileSelector
LogPluginManager: Mounting plugin LinuxDeviceProfileSelector
LogPluginManager: Mounting plugin LocationServicesBPLibrary
LogPluginManager: Mounting plugin MobilePatchingUtils
LogPluginManager: Mounting plugin OculusVR
LogPluginManager: Mounting plugin PhysXVehicles
LogPluginManager: Mounting plugin ProceduralMeshComponent
LogPluginManager: Mounting plugin RuntimePhysXCooking
LogPluginManager: Mounting plugin SignificanceManager
LogPluginManager: Mounting plugin SteamVR
LogPluginManager: Mounting plugin WebMMoviePlayer
LogPluginManager: Mounting plugin WindowsMoviePlayer
LogPluginManager: Mounting plugin ScreenshotTools
LogInit: Using libcurl 7.55.1-DEV
LogInit:  - built for x86_64-pc-win32
LogInit:  - supports SSL with OpenSSL/1.1.1
LogInit:  - supports HTTP deflate (compression) using libz 1.2.8
LogInit:  - other features:
LogInit:      CURL_VERSION_SSL
LogInit:      CURL_VERSION_LIBZ
LogInit:      CURL_VERSION_IPV6
LogInit:      CURL_VERSION_ASYNCHDNS
LogInit:      CURL_VERSION_LARGEFILE
LogInit:      CURL_VERSION_IDN
LogInit:  CurlRequestOptions (configurable via config and command line):
LogInit:  - bVerifyPeer = true  - Libcurl will verify peer certificate
LogInit:  - bUseHttpProxy = false  - Libcurl will NOT use HTTP proxy
LogInit:  - bDontReuseConnections = false  - Libcurl will reuse connections
LogInit:  - MaxHostConnections = 16  - Libcurl will limit the number of connections to a host
LogInit:  - LocalHostAddr = Default
LogInit:  - BufferSize = 65536
LogOnline: OSS: Creating online subsystem instance for: NULL
LogInit: WinSock: version 1.1 (2.2), MaxSocks=32767, MaxUdp=65467
LogInit: Build: ++UE4+Release-4.23-CL-8243293
LogInit: Engine Version: 4.23.0-8243293+++UE4+Release-4.23
LogInit: Compatible Engine Version: 4.23.0-8243293+++UE4+Release-4.23
LogInit: Net CL: 8243293
LogInit: OS: Windows 10 (Release 1903) (), CPU: Intel(R) Core(TM) i7-4790 CPU @ 3.60GHz, GPU: NVIDIA GeForce GTX 745
LogInit: Compiled (64-bit): Aug 24 2019 02:04:58
LogInit: Compiled with Visual C++: 19.16.27030.01
LogInit: Build Configuration: Development
LogInit: Branch Name: ++UE4+Release-4.23
LogInit: Command Line: 
LogInit: Base Directory: C:/Program Files/Epic Games/UE_4.23/Engine/Binaries/Win64/
LogInit: Installed Engine Build: 1
LogDevObjectVersion: Number of dev versions registered: 23
LogDevObjectVersion:   Dev-Blueprints (B0D832E4-1F89-4F0D-ACCF-7EB736FD4AA2): 10
LogDevObjectVersion:   Dev-Build (E1C64328-A22C-4D53-A36C-8E866417BD8C): 0
LogDevObjectVersion:   Dev-Core (375EC13C-06E4-48FB-B500-84F0262A717E): 3
LogDevObjectVersion:   Dev-Editor (E4B068ED-F494-42E9-A231-DA0B2E46BB41): 34
LogDevObjectVersion:   Dev-Framework (CFFC743F-43B0-4480-9391-14DF171D2073): 35
LogDevObjectVersion:   Dev-Mobile (B02B49B5-BB20-44E9-A304-32B752E40360): 2
LogDevObjectVersion:   Dev-Networking (A4E4105C-59A1-49B5-A7C5-40C4547EDFEE): 0
LogDevObjectVersion:   Dev-Online (39C831C9-5AE6-47DC-9A44-9C173E1C8E7C): 0
LogDevObjectVersion:   Dev-Physics (78F01B33-EBEA-4F98-B9B4-84EACCB95AA2): 0
LogDevObjectVersion:   Dev-Platform (6631380F-2D4D-43E0-8009-CF276956A95A): 0
LogDevObjectVersion:   Dev-Rendering (12F88B9F-8875-4AFC-A67C-D90C383ABD29): 31
LogDevObjectVersion:   Dev-Sequencer (7B5AE74C-D270-4C10-A958-57980B212A5A): 11
LogDevObjectVersion:   Dev-VR (D7296918-1DD6-4BDD-9DE2-64A83CC13884): 2
LogDevObjectVersion:   Dev-LoadTimes (C2A15278-BFE7-4AFE-6C17-90FF531DF755): 1
LogDevObjectVersion:   Private-Geometry (6EACA3D4-40EC-4CC1-B786-8BED09428FC5): 3
LogDevObjectVersion:   Dev-AnimPhys (29E575DD-E0A3-4627-9D10-D276232CDCEA): 17
LogDevObjectVersion:   Dev-Anim (AF43A65D-7FD3-4947-9873-3E8ED9C1BB05): 2
LogDevObjectVersion:   Dev-ReflectionCapture (6B266CEC-1EC7-4B8F-A30B-E4D90942FC07): 1
LogDevObjectVersion:   Dev-Automation (0DF73D61-A23F-47EA-B727-89E90C41499A): 1
LogDevObjectVersion:   FortniteMain (601D1886-AC64-4F84-AA16-D3DE0DEAC7D6): 27
LogDevObjectVersion:   Dev-Enterprise (9DFFBCD6-494F-0158-E221-12823C92A888): 6
LogDevObjectVersion:   Dev-Niagara (F2AED0AC-9AFE-416F-8664-AA7FFA26D6FC): 1
LogDevObjectVersion:   Dev-Destruction (174F1F0B-B4C6-45A5-B13F-2EE8D0FB917D): 9
LogInit: Presizing for max 16777216 objects, including 0 objects not considered by GC, pre-allocating 0 bytes for permanent pool.
LogInit: Object subsystem initialized
LogConfig: Setting CVar [[con.DebugEarlyDefault:1]]
LogConfig: Setting CVar [[r.setres:1280x720]]
[2019.10.04-22.19.51:484][  0]LogConfig: Setting CVar [[r.VSync:0]]
[2019.10.04-22.19.51:484][  0]LogConfig: Setting CVar [[r.RHICmdBypass:0]]
[2019.10.04-22.19.51:484][  0]LogConfig: Applying CVar settings from Section [/Script/Engine.RendererSettings] File [C:/Users/bennett253/Documents/GitHub/SupermarketSpeedrun/SpeedyBoyMarket/Saved/Config/Windows/Engine.ini]
[2019.10.04-22.19.51:484][  0]LogConfig: Setting CVar [[r.GPUCrashDebugging:0]]
[2019.10.04-22.19.51:484][  0]LogConfig: Applying CVar settings from Section [/Script/Engine.RendererOverrideSettings] File [C:/Users/bennett253/Documents/GitHub/SupermarketSpeedrun/SpeedyBoyMarket/Saved/Config/Windows/Engine.ini]
[2019.10.04-22.19.51:484][  0]LogConfig: Applying CVar settings from Section [/Script/Engine.StreamingSettings] File [C:/Users/bennett253/Documents/GitHub/SupermarketSpeedrun/SpeedyBoyMarket/Saved/Config/Windows/Engine.ini]
[2019.10.04-22.19.51:484][  0]LogConfig: Setting CVar [[s.MinBulkDataSizeForAsyncLoading:131072]]
[2019.10.04-22.19.51:484][  0]LogConfig: Setting CVar [[s.AsyncLoadingThreadEnabled:0]]
[2019.10.04-22.19.51:484][  0]LogConfig: Setting CVar [[s.EventDrivenLoaderEnabled:1]]
[2019.10.04-22.19.51:484][  0]LogConfig: Setting CVar [[s.WarnIfTimeLimitExceeded:0]]
[2019.10.04-22.19.51:484][  0]LogConfig: Setting CVar [[s.TimeLimitExceededMultiplier:1.5]]
[2019.10.04-22.19.51:484][  0]LogConfig: Setting CVar [[s.TimeLimitExceededMinTime:0.005]]
[2019.10.04-22.19.51:484][  0]LogConfig: Setting CVar [[s.UseBackgroundLevelStreaming:1]]
[2019.10.04-22.19.51:484][  0]LogConfig: Setting CVar [[s.PriorityAsyncLoadingExtraTime:15.0]]
[2019.10.04-22.19.51:484][  0]LogConfig: Setting CVar [[s.LevelStreamingActorsUpdateTimeLimit:5.0]]
[2019.10.04-22.19.51:484][  0]LogConfig: Setting CVar [[s.PriorityLevelStreamingActorsUpdateExtraTime:5.0]]
[2019.10.04-22.19.51:484][  0]LogConfig: Setting CVar [[s.LevelStreamingComponentsRegistrationGranularity:10]]
[2019.10.04-22.19.51:484][  0]LogConfig: Setting CVar [[s.UnregisterComponentsTimeLimit:1.0]]
[2019.10.04-22.19.51:485][  0]LogConfig: Setting CVar [[s.LevelStreamingComponentsUnregistrationGranularity:5]]
[2019.10.04-22.19.51:485][  0]LogConfig: Applying CVar settings from Section [/Script/Engine.GarbageCollectionSettings] File [C:/Users/bennett253/Documents/GitHub/SupermarketSpeedrun/SpeedyBoyMarket/Saved/Config/Windows/Engine.ini]
[2019.10.04-22.19.51:485][  0]LogConfig: Setting CVar [[gc.MaxObjectsNotConsideredByGC:1]]
[2019.10.04-22.19.51:485][  0]LogConfig: Setting CVar [[gc.SizeOfPermanentObjectPool:0]]
[2019.10.04-22.19.51:485][  0]LogConfig: Setting CVar [[gc.FlushStreamingOnGC:0]]
[2019.10.04-22.19.51:485][  0]LogConfig: Setting CVar [[gc.NumRetriesBeforeForcingGC:10]]
[2019.10.04-22.19.51:485][  0]LogConfig: Setting CVar [[gc.AllowParallelGC:1]]
[2019.10.04-22.19.51:485][  0]LogConfig: Setting CVar [[gc.TimeBetweenPurgingPendingKillObjects:61.1]]
[2019.10.04-22.19.51:485][  0]LogConfig: Setting CVar [[gc.MaxObjectsInEditor:16777216]]
[2019.10.04-22.19.51:485][  0]LogConfig: Setting CVar [[gc.IncrementalBeginDestroyEnabled:1]]
[2019.10.04-22.19.51:485][  0]LogConfig: Setting CVar [[gc.CreateGCClusters:1]]
[2019.10.04-22.19.51:485][  0]LogConfig: Setting CVar [[gc.MinGCClusterSize:5]]
[2019.10.04-22.19.51:485][  0]LogConfig: Setting CVar [[gc.ActorClusteringEnabled:0]]
[2019.10.04-22.19.51:485][  0]LogConfig: Setting CVar [[gc.BlueprintClusteringEnabled:0]]
[2019.10.04-22.19.51:485][  0]LogConfig: Setting CVar [[gc.UseDisregardForGCOnDedicatedServers:0]]
[2019.10.04-22.19.51:485][  0]LogConfig: Applying CVar settings from Section [/Script/Engine.NetworkSettings] File [C:/Users/bennett253/Documents/GitHub/SupermarketSpeedrun/SpeedyBoyMarket/Saved/Config/Windows/Engine.ini]
[2019.10.04-22.19.51:485][  0]LogConfig: Applying CVar settings from Section [/Script/UnrealEd.CookerSettings] File [C:/Users/bennett253/Documents/GitHub/SupermarketSpeedrun/SpeedyBoyMarket/Saved/Config/Windows/Engine.ini]
[2019.10.04-22.19.51:490][  0]LogConfig: Applying CVar settings from Section [ViewDistanceQuality@3] File [C:/Users/bennett253/Documents/GitHub/SupermarketSpeedrun/SpeedyBoyMarket/Saved/Config/Windows/Scalability.ini]
[2019.10.04-22.19.51:490][  0]LogConfig: Setting CVar [[r.SkeletalMeshLODBias:0]]
[2019.10.04-22.19.51:490][  0]LogConfig: Setting CVar [[r.ViewDistanceScale:1.0]]
[2019.10.04-22.19.51:490][  0]LogConfig: Applying CVar settings from Section [AntiAliasingQuality@3] File [C:/Users/bennett253/Documents/GitHub/SupermarketSpeedrun/SpeedyBoyMarket/Saved/Config/Windows/Scalability.ini]
[2019.10.04-22.19.51:491][  0]LogConfig: Setting CVar [[r.PostProcessAAQuality:4]]
[2019.10.04-22.19.51:491][  0]LogConfig: Applying CVar settings from Section [ShadowQuality@3] File [C:/Users/bennett253/Documents/GitHub/SupermarketSpeedrun/SpeedyBoyMarket/Saved/Config/Windows/Scalability.ini]
[2019.10.04-22.19.51:491][  0]LogConfig: Setting CVar [[r.LightFunctionQuality:1]]
[2019.10.04-22.19.51:491][  0]LogConfig: Setting CVar [[r.ShadowQuality:5]]
[2019.10.04-22.19.51:491][  0]LogConfig: Setting CVar [[r.Shadow.CSM.MaxCascades:10]]
[2019.10.04-22.19.51:491][  0]LogConfig: Setting CVar [[r.Shadow.MaxResolution:2048]]
[2019.10.04-22.19.51:491][  0]LogConfig: Setting CVar [[r.Shadow.MaxCSMResolution:2048]]
[2019.10.04-22.19.51:491][  0]LogConfig: Setting CVar [[r.Shadow.RadiusThreshold:0.01]]
[2019.10.04-22.19.51:491][  0]LogConfig: Setting CVar [[r.Shadow.DistanceScale:1.0]]
[2019.10.04-22.19.51:491][  0]LogConfig: Setting CVar [[r.Shadow.CSM.TransitionScale:1.0]]
[2019.10.04-22.19.51:491][  0]LogConfig: Setting CVar [[r.Shadow.PreShadowResolutionFactor:1.0]]
[2019.10.04-22.19.51:491][  0]LogConfig: Setting CVar [[r.DistanceFieldShadowing:1]]
[2019.10.04-22.19.51:491][  0]LogConfig: Setting CVar [[r.DistanceFieldAO:1]]
[2019.10.04-22.19.51:491][  0]LogConfig: Setting CVar [[r.AOQuality:2]]
[2019.10.04-22.19.51:491][  0]LogConfig: Setting CVar [[r.VolumetricFog:1]]
[2019.10.04-22.19.51:491][  0]LogConfig: Setting CVar [[r.VolumetricFog.GridPixelSize:8]]
[2019.10.04-22.19.51:491][  0]LogConfig: Setting CVar [[r.VolumetricFog.GridSizeZ:128]]
[2019.10.04-22.19.51:491][  0]LogConfig: Setting CVar [[r.VolumetricFog.HistoryMissSupersampleCount:4]]
[2019.10.04-22.19.51:491][  0]LogConfig: Setting CVar [[r.LightMaxDrawDistanceScale:1]]
[2019.10.04-22.19.51:491][  0]LogConfig: Setting CVar [[r.CapsuleShadows:1]]
[2019.10.04-22.19.51:491][  0]LogConfig: Applying CVar settings from Section [PostProcessQuality@3] File [C:/Users/bennett253/Documents/GitHub/SupermarketSpeedrun/SpeedyBoyMarket/Saved/Config/Windows/Scalability.ini]
[2019.10.04-22.19.51:491][  0]LogConfig: Setting CVar [[r.MotionBlurQuality:4]]
[2019.10.04-22.19.51:491][  0]LogConfig: Setting CVar [[r.AmbientOcclusionMipLevelFactor:0.4]]
[2019.10.04-22.19.51:491][  0]LogConfig: Setting CVar [[r.AmbientOcclusionMaxQuality:100]]
[2019.10.04-22.19.51:491][  0]LogConfig: Setting CVar [[r.AmbientOcclusionLevels:-1]]
[2019.10.04-22.19.51:491][  0]LogConfig: Setting CVar [[r.AmbientOcclusionRadiusScale:1.0]]
[2019.10.04-22.19.51:491][  0]LogConfig: Setting CVar [[r.DepthOfFieldQuality:2]]
[2019.10.04-22.19.51:491][  0]LogConfig: Setting CVar [[r.RenderTargetPoolMin:400]]
[2019.10.04-22.19.51:491][  0]LogConfig: Setting CVar [[r.LensFlareQuality:2]]
[2019.10.04-22.19.51:491][  0]LogConfig: Setting CVar [[r.SceneColorFringeQuality:1]]
[2019.10.04-22.19.51:491][  0]LogConfig: Setting CVar [[r.EyeAdaptationQuality:2]]
[2019.10.04-22.19.51:491][  0]LogConfig: Setting CVar [[r.BloomQuality:5]]
[2019.10.04-22.19.51:491][  0]LogConfig: Setting CVar [[r.FastBlurThreshold:100]]
[2019.10.04-22.19.51:491][  0]LogConfig: Setting CVar [[r.Upscale.Quality:3]]
[2019.10.04-22.19.51:491][  0]LogConfig: Setting CVar [[r.Tonemapper.GrainQuantization:1]]
[2019.10.04-22.19.51:491][  0]LogConfig: Setting CVar [[r.LightShaftQuality:1]]
[2019.10.04-22.19.51:491][  0]LogConfig: Setting CVar [[r.Filter.SizeScale:1]]
[2019.10.04-22.19.51:491][  0]LogConfig: Setting CVar [[r.Tonemapper.Quality:5]]
[2019.10.04-22.19.51:491][  0]LogConfig: Setting CVar [[r.DOF.Gather.AccumulatorQuality:1        ; higher gathering accumulator quality]]
[2019.10.04-22.19.51:491][  0]LogConfig: Setting CVar [[r.DOF.Gather.PostfilterMethod:1          ; Median3x3 postfilering method]]
[2019.10.04-22.19.51:491][  0]LogConfig: Setting CVar [[r.DOF.Gather.EnableBokehSettings:0       ; no bokeh simulation when gathering]]
[2019.10.04-22.19.51:491][  0]LogConfig: Setting CVar [[r.DOF.Gather.RingCount:4                 ; medium number of samples when gathering]]
[2019.10.04-22.19.51:491][  0]LogConfig: Setting CVar [[r.DOF.Scatter.ForegroundCompositing:1    ; additive foreground scattering]]
[2019.10.04-22.19.51:491][  0]LogConfig: Setting CVar [[r.DOF.Scatter.BackgroundCompositing:2    ; additive background scattering]]
[2019.10.04-22.19.51:491][  0]LogConfig: Setting CVar [[r.DOF.Scatter.EnableBokehSettings:1      ; bokeh simulation when scattering]]
[2019.10.04-22.19.51:491][  0]LogConfig: Setting CVar [[r.DOF.Scatter.MaxSpriteRatio:0.1         ; only a maximum of 10% of scattered bokeh]]
[2019.10.04-22.19.51:491][  0]LogConfig: Setting CVar [[r.DOF.Recombine.Quality:1                ; cheap slight out of focus]]
[2019.10.04-22.19.51:491][  0]LogConfig: Setting CVar [[r.DOF.Recombine.EnableBokehSettings:0    ; no bokeh simulation on slight out of focus]]
[2019.10.04-22.19.51:491][  0]LogConfig: Setting CVar [[r.DOF.TemporalAAQuality:1                ; more stable temporal accumulation]]
[2019.10.04-22.19.51:491][  0]LogConfig: Setting CVar [[r.DOF.Kernel.MaxForegroundRadius:0.025]]
[2019.10.04-22.19.51:491][  0]LogConfig: Setting CVar [[r.DOF.Kernel.MaxBackgroundRadius:0.025]]
[2019.10.04-22.19.51:491][  0]LogConfig: Applying CVar settings from Section [TextureQuality@3] File [C:/Users/bennett253/Documents/GitHub/SupermarketSpeedrun/SpeedyBoyMarket/Saved/Config/Windows/Scalability.ini]
[2019.10.04-22.19.51:491][  0]LogConfig: Setting CVar [[r.Streaming.MipBias:0]]
[2019.10.04-22.19.51:491][  0]LogConfig: Setting CVar [[r.Streaming.AmortizeCPUToGPUCopy:0]]
[2019.10.04-22.19.51:491][  0]LogConfig: Setting CVar [[r.Streaming.MaxNumTexturesToStreamPerFrame:0]]
[2019.10.04-22.19.51:491][  0]LogConfig: Setting CVar [[r.Streaming.Boost:1]]
[2019.10.04-22.19.51:491][  0]LogConfig: Setting CVar [[r.MaxAnisotropy:8]]
[2019.10.04-22.19.51:491][  0]LogConfig: Setting CVar [[r.Streaming.LimitPoolSizeToVRAM:0]]
[2019.10.04-22.19.51:491][  0]LogConfig: Setting CVar [[r.Streaming.PoolSize:1000]]
[2019.10.04-22.19.51:491][  0]LogConfig: Setting CVar [[r.Streaming.MaxEffectiveScreenSize:0]]
[2019.10.04-22.19.51:491][  0]LogConfig: Applying CVar settings from Section [EffectsQuality@3] File [C:/Users/bennett253/Documents/GitHub/SupermarketSpeedrun/SpeedyBoyMarket/Saved/Config/Windows/Scalability.ini]
[2019.10.04-22.19.51:491][  0]LogConfig: Setting CVar [[r.TranslucencyLightingVolumeDim:64]]
[2019.10.04-22.19.51:491][  0]LogConfig: Setting CVar [[r.RefractionQuality:2]]
[2019.10.04-22.19.51:491][  0]LogConfig: Setting CVar [[r.SSR.Quality:3]]
[2019.10.04-22.19.51:491][  0]LogConfig: Setting CVar [[r.SceneColorFormat:4]]
[2019.10.04-22.19.51:491][  0]LogConfig: Setting CVar [[r.DetailMode:2]]
[2019.10.04-22.19.51:491][  0]LogConfig: Setting CVar [[r.TranslucencyVolumeBlur:1]]
[2019.10.04-22.19.51:491][  0]LogConfig: Setting CVar [[r.MaterialQualityLevel:1 ; High quality]]
[2019.10.04-22.19.51:491][  0]LogConfig: Setting CVar [[r.SSS.Scale:1]]
[2019.10.04-22.19.51:491][  0]LogConfig: Setting CVar [[r.SSS.SampleSet:2]]
[2019.10.04-22.19.51:491][  0]LogConfig: Setting CVar [[r.SSS.Quality:1]]
[2019.10.04-22.19.51:491][  0]LogConfig: Setting CVar [[r.SSS.HalfRes:1]]
[2019.10.04-22.19.51:491][  0]LogConfig: Setting CVar [[r.EmitterSpawnRateScale:1.0]]
[2019.10.04-22.19.51:491][  0]LogConfig: Setting CVar [[r.ParticleLightQuality:2]]
[2019.10.04-22.19.51:491][  0]LogConfig: Applying CVar settings from Section [FoliageQuality@3] File [C:/Users/bennett253/Documents/GitHub/SupermarketSpeedrun/SpeedyBoyMarket/Saved/Config/Windows/Scalability.ini]
[2019.10.04-22.19.51:491][  0]LogConfig: Setting CVar [[foliage.DensityScale:1.0]]
[2019.10.04-22.19.51:491][  0]LogConfig: Setting CVar [[grass.DensityScale:1.0]]
[2019.10.04-22.19.51:491][  0]LogInit: Selected Device Profile: [Windows]
[2019.10.04-22.19.51:491][  0]LogInit: Applying CVar settings loaded from the selected device profile: [Windows]
[2019.10.04-22.19.51:498][  0]LogHAL: Display: Platform has ~ 32 GB [34299052032 / 34359738368 / 32], which maps to Largest [LargestMinGB=32, LargerMinGB=12, DefaultMinGB=8, SmallerMinGB=6, SmallestMinGB=0)
[2019.10.04-22.19.51:498][  0]LogInit: Going up to parent DeviceProfile []
[2019.10.04-22.19.51:498][  0]LogConfig: Applying CVar settings from Section [ViewDistanceQuality@3] File [C:/Users/bennett253/Documents/GitHub/SupermarketSpeedrun/SpeedyBoyMarket/Saved/Config/Windows/Scalability.ini]
[2019.10.04-22.19.51:498][  0]LogConfig: Setting CVar [[r.SkeletalMeshLODBias:0]]
[2019.10.04-22.19.51:498][  0]LogConfig: Setting CVar [[r.ViewDistanceScale:1.0]]
[2019.10.04-22.19.51:498][  0]LogConfig: Applying CVar settings from Section [AntiAliasingQuality@3] File [C:/Users/bennett253/Documents/GitHub/SupermarketSpeedrun/SpeedyBoyMarket/Saved/Config/Windows/Scalability.ini]
[2019.10.04-22.19.51:498][  0]LogConfig: Setting CVar [[r.PostProcessAAQuality:4]]
[2019.10.04-22.19.51:498][  0]LogConfig: Applying CVar settings from Section [ShadowQuality@3] File [C:/Users/bennett253/Documents/GitHub/SupermarketSpeedrun/SpeedyBoyMarket/Saved/Config/Windows/Scalability.ini]
[2019.10.04-22.19.51:498][  0]LogConfig: Setting CVar [[r.LightFunctionQuality:1]]
[2019.10.04-22.19.51:498][  0]LogConfig: Setting CVar [[r.ShadowQuality:5]]
[2019.10.04-22.19.51:498][  0]LogConfig: Setting CVar [[r.Shadow.CSM.MaxCascades:10]]
[2019.10.04-22.19.51:498][  0]LogConfig: Setting CVar [[r.Shadow.MaxResolution:2048]]
[2019.10.04-22.19.51:498][  0]LogConfig: Setting CVar [[r.Shadow.MaxCSMResolution:2048]]
[2019.10.04-22.19.51:498][  0]LogConfig: Setting CVar [[r.Shadow.RadiusThreshold:0.01]]
[2019.10.04-22.19.51:498][  0]LogConfig: Setting CVar [[r.Shadow.DistanceScale:1.0]]
[2019.10.04-22.19.51:498][  0]LogConfig: Setting CVar [[r.Shadow.CSM.TransitionScale:1.0]]
[2019.10.04-22.19.51:498][  0]LogConfig: Setting CVar [[r.Shadow.PreShadowResolutionFactor:1.0]]
[2019.10.04-22.19.51:498][  0]LogConfig: Setting CVar [[r.DistanceFieldShadowing:1]]
[2019.10.04-22.19.51:498][  0]LogConfig: Setting CVar [[r.DistanceFieldAO:1]]
[2019.10.04-22.19.51:498][  0]LogConfig: Setting CVar [[r.AOQuality:2]]
[2019.10.04-22.19.51:498][  0]LogConfig: Setting CVar [[r.VolumetricFog:1]]
[2019.10.04-22.19.51:498][  0]LogConfig: Setting CVar [[r.VolumetricFog.GridPixelSize:8]]
[2019.10.04-22.19.51:498][  0]LogConfig: Setting CVar [[r.VolumetricFog.GridSizeZ:128]]
[2019.10.04-22.19.51:498][  0]LogConfig: Setting CVar [[r.VolumetricFog.HistoryMissSupersampleCount:4]]
[2019.10.04-22.19.51:498][  0]LogConfig: Setting CVar [[r.LightMaxDrawDistanceScale:1]]
[2019.10.04-22.19.51:498][  0]LogConfig: Setting CVar [[r.CapsuleShadows:1]]
[2019.10.04-22.19.51:498][  0]LogConfig: Applying CVar settings from Section [PostProcessQuality@3] File [C:/Users/bennett253/Documents/GitHub/SupermarketSpeedrun/SpeedyBoyMarket/Saved/Config/Windows/Scalability.ini]
[2019.10.04-22.19.51:498][  0]LogConfig: Setting CVar [[r.MotionBlurQuality:4]]
[2019.10.04-22.19.51:498][  0]LogConfig: Setting CVar [[r.AmbientOcclusionMipLevelFactor:0.4]]
[2019.10.04-22.19.51:498][  0]LogConfig: Setting CVar [[r.AmbientOcclusionMaxQuality:100]]
[2019.10.04-22.19.51:498][  0]LogConfig: Setting CVar [[r.AmbientOcclusionLevels:-1]]
[2019.10.04-22.19.51:498][  0]LogConfig: Setting CVar [[r.AmbientOcclusionRadiusScale:1.0]]
[2019.10.04-22.19.51:498][  0]LogConfig: Setting CVar [[r.DepthOfFieldQuality:2]]
[2019.10.04-22.19.51:498][  0]LogConfig: Setting CVar [[r.RenderTargetPoolMin:400]]
[2019.10.04-22.19.51:498][  0]LogConfig: Setting CVar [[r.LensFlareQuality:2]]
[2019.10.04-22.19.51:499][  0]LogConfig: Setting CVar [[r.SceneColorFringeQuality:1]]
[2019.10.04-22.19.51:499][  0]LogConfig: Setting CVar [[r.EyeAdaptationQuality:2]]
[2019.10.04-22.19.51:499][  0]LogConfig: Setting CVar [[r.BloomQuality:5]]
[2019.10.04-22.19.51:499][  0]LogConfig: Setting CVar [[r.FastBlurThreshold:100]]
[2019.10.04-22.19.51:499][  0]LogConfig: Setting CVar [[r.Upscale.Quality:3]]
[2019.10.04-22.19.51:499][  0]LogConfig: Setting CVar [[r.Tonemapper.GrainQuantization:1]]
[2019.10.04-22.19.51:499][  0]LogConfig: Setting CVar [[r.LightShaftQuality:1]]
[2019.10.04-22.19.51:499][  0]LogConfig: Setting CVar [[r.Filter.SizeScale:1]]
[2019.10.04-22.19.51:499][  0]LogConfig: Setting CVar [[r.Tonemapper.Quality:5]]
[2019.10.04-22.19.51:499][  0]LogConfig: Setting CVar [[r.DOF.Gather.AccumulatorQuality:1        ; higher gathering accumulator quality]]
[2019.10.04-22.19.51:499][  0]LogConfig: Setting CVar [[r.DOF.Gather.PostfilterMethod:1          ; Median3x3 postfilering method]]
[2019.10.04-22.19.51:499][  0]LogConfig: Setting CVar [[r.DOF.Gather.EnableBokehSettings:0       ; no bokeh simulation when gathering]]
[2019.10.04-22.19.51:499][  0]LogConfig: Setting CVar [[r.DOF.Gather.RingCount:4                 ; medium number of samples when gathering]]
[2019.10.04-22.19.51:499][  0]LogConfig: Setting CVar [[r.DOF.Scatter.ForegroundCompositing:1    ; additive foreground scattering]]
[2019.10.04-22.19.51:499][  0]LogConfig: Setting CVar [[r.DOF.Scatter.BackgroundCompositing:2    ; additive background scattering]]
[2019.10.04-22.19.51:499][  0]LogConfig: Setting CVar [[r.DOF.Scatter.EnableBokehSettings:1      ; bokeh simulation when scattering]]
[2019.10.04-22.19.51:499][  0]LogConfig: Setting CVar [[r.DOF.Scatter.MaxSpriteRatio:0.1         ; only a maximum of 10% of scattered bokeh]]
[2019.10.04-22.19.51:499][  0]LogConfig: Setting CVar [[r.DOF.Recombine.Quality:1                ; cheap slight out of focus]]
[2019.10.04-22.19.51:499][  0]LogConfig: Setting CVar [[r.DOF.Recombine.EnableBokehSettings:0    ; no bokeh simulation on slight out of focus]]
[2019.10.04-22.19.51:499][  0]LogConfig: Setting CVar [[r.DOF.TemporalAAQuality:1                ; more stable temporal accumulation]]
[2019.10.04-22.19.51:499][  0]LogConfig: Setting CVar [[r.DOF.Kernel.MaxForegroundRadius:0.025]]
[2019.10.04-22.19.51:499][  0]LogConfig: Setting CVar [[r.DOF.Kernel.MaxBackgroundRadius:0.025]]
[2019.10.04-22.19.51:499][  0]LogConfig: Applying CVar settings from Section [TextureQuality@3] File [C:/Users/bennett253/Documents/GitHub/SupermarketSpeedrun/SpeedyBoyMarket/Saved/Config/Windows/Scalability.ini]
[2019.10.04-22.19.51:499][  0]LogConfig: Setting CVar [[r.Streaming.MipBias:0]]
[2019.10.04-22.19.51:499][  0]LogConfig: Setting CVar [[r.Streaming.AmortizeCPUToGPUCopy:0]]
[2019.10.04-22.19.51:499][  0]LogConfig: Setting CVar [[r.Streaming.MaxNumTexturesToStreamPerFrame:0]]
[2019.10.04-22.19.51:499][  0]LogConfig: Setting CVar [[r.Streaming.Boost:1]]
[2019.10.04-22.19.51:499][  0]LogConfig: Setting CVar [[r.MaxAnisotropy:8]]
[2019.10.04-22.19.51:499][  0]LogConfig: Setting CVar [[r.Streaming.LimitPoolSizeToVRAM:0]]
[2019.10.04-22.19.51:499][  0]LogConfig: Setting CVar [[r.Streaming.PoolSize:1000]]
[2019.10.04-22.19.51:499][  0]LogConfig: Setting CVar [[r.Streaming.MaxEffectiveScreenSize:0]]
[2019.10.04-22.19.51:499][  0]LogConfig: Applying CVar settings from Section [EffectsQuality@3] File [C:/Users/bennett253/Documents/GitHub/SupermarketSpeedrun/SpeedyBoyMarket/Saved/Config/Windows/Scalability.ini]
[2019.10.04-22.19.51:499][  0]LogConfig: Setting CVar [[r.TranslucencyLightingVolumeDim:64]]
[2019.10.04-22.19.51:499][  0]LogConfig: Setting CVar [[r.RefractionQuality:2]]
[2019.10.04-22.19.51:499][  0]LogConfig: Setting CVar [[r.SSR.Quality:3]]
[2019.10.04-22.19.51:499][  0]LogConfig: Setting CVar [[r.SceneColorFormat:4]]
[2019.10.04-22.19.51:499][  0]LogConfig: Setting CVar [[r.DetailMode:2]]
[2019.10.04-22.19.51:499][  0]LogConfig: Setting CVar [[r.TranslucencyVolumeBlur:1]]
[2019.10.04-22.19.51:499][  0]LogConfig: Setting CVar [[r.MaterialQualityLevel:1 ; High quality]]
[2019.10.04-22.19.51:499][  0]LogConfig: Setting CVar [[r.SSS.Scale:1]]
[2019.10.04-22.19.51:499][  0]LogConfig: Setting CVar [[r.SSS.SampleSet:2]]
[2019.10.04-22.19.51:499][  0]LogConfig: Setting CVar [[r.SSS.Quality:1]]
[2019.10.04-22.19.51:499][  0]LogConfig: Setting CVar [[r.SSS.HalfRes:1]]
[2019.10.04-22.19.51:499][  0]LogConfig: Setting CVar [[r.EmitterSpawnRateScale:1.0]]
[2019.10.04-22.19.51:499][  0]LogConfig: Setting CVar [[r.ParticleLightQuality:2]]
[2019.10.04-22.19.51:499][  0]LogConfig: Applying CVar settings from Section [FoliageQuality@3] File [C:/Users/bennett253/Documents/GitHub/SupermarketSpeedrun/SpeedyBoyMarket/Saved/Config/Windows/Scalability.ini]
[2019.10.04-22.19.51:499][  0]LogConfig: Setting CVar [[foliage.DensityScale:1.0]]
[2019.10.04-22.19.51:499][  0]LogConfig: Setting CVar [[grass.DensityScale:1.0]]
[2019.10.04-22.19.51:499][  0]LogConfig: Applying CVar settings from Section [Startup] File [../../../Engine/Config/ConsoleVariables.ini]
[2019.10.04-22.19.51:499][  0]LogConfig: Setting CVar [[net.UseAdaptiveNetUpdateFrequency:0]]
[2019.10.04-22.19.51:499][  0]LogConfig: Setting CVar [[p.chaos.AllowCreatePhysxBodies:1]]
[2019.10.04-22.19.51:499][  0]LogConfig: Applying CVar settings from Section [ConsoleVariables] File [C:/Users/bennett253/Documents/GitHub/SupermarketSpeedrun/SpeedyBoyMarket/Saved/Config/Windows/Engine.ini]
[2019.10.04-22.19.51:499][  0]LogInit: Computer: COSWAEC1104-1
[2019.10.04-22.19.51:499][  0]LogInit: User: bennett253
[2019.10.04-22.19.51:500][  0]LogInit: CPU Page size=4096, Cores=4
[2019.10.04-22.19.51:500][  0]LogInit: High frequency timer resolution =10.000000 MHz
[2019.10.04-22.19.51:500][  0]LogMemory: Memory total: Physical=31.9GB (32GB approx)
[2019.10.04-22.19.51:500][  0]LogMemory: Platform Memory Stats for Windows
[2019.10.04-22.19.51:500][  0]LogMemory: Process Physical Memory: 101.14 MB used, 101.14 MB peak
[2019.10.04-22.19.51:500][  0]LogMemory: Process Virtual Memory: 100.91 MB used, 100.91 MB peak
[2019.10.04-22.19.51:500][  0]LogMemory: Physical Memory: 5965.62 MB used,  26744.51 MB free, 32710.13 MB total
[2019.10.04-22.19.51:500][  0]LogMemory: Virtual Memory: 4668.85 MB used,  134213056.00 MB free, 134217728.00 MB total
[2019.10.04-22.19.51:506][  0]LogWindows: WindowsPlatformFeatures enabled
[2019.10.04-22.19.51:598][  0]LogInit: Using OS detected language (en-US).
[2019.10.04-22.19.51:598][  0]LogInit: Using OS detected locale (en-US).
[2019.10.04-22.19.51:599][  0]LogTextLocalizationManager: No specific localization for 'en-US' exists, so the 'en' localization will be used.
[2019.10.04-22.19.51:783][  0]LogInit: Setting process to per monitor DPI aware
[2019.10.04-22.19.51:816][  0]LogSlate: New Slate User Created.  User Index 0, Is Virtual User: 0
[2019.10.04-22.19.51:816][  0]LogSlate: Slate User Registered.  User Index 0, Is Virtual User: 0
[2019.10.04-22.19.52:033][  0]LogHMD: Failed to initialize OpenVR with code 110
[2019.10.04-22.19.52:033][  0]LogD3D11RHI: D3D11 adapters:
[2019.10.04-22.19.52:081][  0]LogD3D11RHI:    0. 'NVIDIA GeForce GTX 745' (Feature Level 11_0)
[2019.10.04-22.19.52:081][  0]LogD3D11RHI:       4053/0/16355 MB DedicatedVideo/DedicatedSystem/SharedSystem, Outputs:2, VendorId:0x10de
[2019.10.04-22.19.52:083][  0]LogD3D11RHI:    1. 'Microsoft Basic Render Driver' (Feature Level 11_0)
[2019.10.04-22.19.52:083][  0]LogD3D11RHI:       0/0/16355 MB DedicatedVideo/DedicatedSystem/SharedSystem, Outputs:0, VendorId:0x1414
[2019.10.04-22.19.52:083][  0]LogD3D11RHI: Chosen D3D11 Adapter: 0
[2019.10.04-22.19.52:089][  0]LogD3D11RHI: Creating new Direct3DDevice
[2019.10.04-22.19.52:089][  0]LogD3D11RHI:     GPU DeviceId: 0x1382 (for the marketing name, search the web for "GPU Device Id")
[2019.10.04-22.19.52:089][  0]LogWindows: EnumDisplayDevices:
[2019.10.04-22.19.52:090][  0]LogWindows:    0. 'NVIDIA GeForce GTX 745' (P:1 D:1)
[2019.10.04-22.19.52:090][  0]LogWindows:    1. 'NVIDIA GeForce GTX 745' (P:0 D:1)
[2019.10.04-22.19.52:090][  0]LogWindows:    2. 'NVIDIA GeForce GTX 745' (P:0 D:0)
[2019.10.04-22.19.52:090][  0]LogWindows: DebugString: FoundDriverCount:3 
[2019.10.04-22.19.52:090][  0]LogD3D11RHI:     Adapter Name: NVIDIA GeForce GTX 745
[2019.10.04-22.19.52:090][  0]LogD3D11RHI:   Driver Version: 391.25 (internal:23.21.13.9125, unified:391.25)
[2019.10.04-22.19.52:090][  0]LogD3D11RHI:      Driver Date: 3-16-2018
[2019.10.04-22.19.52:090][  0]LogRHI: Texture pool is 2837 MB (70% of 4053 MB)
[2019.10.04-22.19.52:123][  0]LogD3D11RHI: Async texture creation enabled
[2019.10.04-22.19.52:140][  0]LogD3D11RHI: GPU Timing Frequency: 1000.000000 (Debug: 2 2)
[2019.10.04-22.19.52:575][  0]LogTemp: Display: Module 'AllDesktopTargetPlatform' loaded TargetPlatform 'AllDesktop'
[2019.10.04-22.19.52:590][  0]LogTemp: Display: Module 'MacClientTargetPlatform' loaded TargetPlatform 'MacClient'
[2019.10.04-22.19.52:606][  0]LogTemp: Display: Module 'MacNoEditorTargetPlatform' loaded TargetPlatform 'MacNoEditor'
[2019.10.04-22.19.52:615][  0]LogTemp: Display: Module 'MacServerTargetPlatform' loaded TargetPlatform 'MacServer'
[2019.10.04-22.19.52:632][  0]LogTemp: Display: Module 'MacTargetPlatform' loaded TargetPlatform 'Mac'
[2019.10.04-22.19.52:648][  0]LogTemp: Display: Module 'WindowsClientTargetPlatform' loaded TargetPlatform 'WindowsClient'
[2019.10.04-22.19.52:659][  0]LogTemp: Display: Module 'WindowsNoEditorTargetPlatform' loaded TargetPlatform 'WindowsNoEditor'
[2019.10.04-22.19.52:674][  0]LogTemp: Display: Module 'WindowsServerTargetPlatform' loaded TargetPlatform 'WindowsServer'
[2019.10.04-22.19.52:685][  0]LogTemp: Display: Module 'WindowsTargetPlatform' loaded TargetPlatform 'Windows'
[2019.10.04-22.19.52:730][  0]LogTemp: Display: Module 'AndroidTargetPlatform' loaded TargetPlatform 'Android'
[2019.10.04-22.19.52:730][  0]LogTemp: Display: Module 'AndroidTargetPlatform' loaded TargetPlatform 'Android_ASTC'
[2019.10.04-22.19.52:730][  0]LogTemp: Display: Module 'AndroidTargetPlatform' loaded TargetPlatform 'Android_ATC'
[2019.10.04-22.19.52:730][  0]LogTemp: Display: Module 'AndroidTargetPlatform' loaded TargetPlatform 'Android_DXT'
[2019.10.04-22.19.52:730][  0]LogTemp: Display: Module 'AndroidTargetPlatform' loaded TargetPlatform 'Android_ETC1'
[2019.10.04-22.19.52:730][  0]LogTemp: Display: Module 'AndroidTargetPlatform' loaded TargetPlatform 'Android_ETC1a'
[2019.10.04-22.19.52:730][  0]LogTemp: Display: Module 'AndroidTargetPlatform' loaded TargetPlatform 'Android_ETC2'
[2019.10.04-22.19.52:730][  0]LogTemp: Display: Module 'AndroidTargetPlatform' loaded TargetPlatform 'Android_PVRTC'
[2019.10.04-22.19.52:730][  0]LogTemp: Display: Module 'AndroidTargetPlatform' loaded TargetPlatform 'AndroidClient'
[2019.10.04-22.19.52:730][  0]LogTemp: Display: Module 'AndroidTargetPlatform' loaded TargetPlatform 'Android_ASTCClient'
[2019.10.04-22.19.52:730][  0]LogTemp: Display: Module 'AndroidTargetPlatform' loaded TargetPlatform 'Android_ATCClient'
[2019.10.04-22.19.52:730][  0]LogTemp: Display: Module 'AndroidTargetPlatform' loaded TargetPlatform 'Android_DXTClient'
[2019.10.04-22.19.52:730][  0]LogTemp: Display: Module 'AndroidTargetPlatform' loaded TargetPlatform 'Android_ETC1Client'
[2019.10.04-22.19.52:730][  0]LogTemp: Display: Module 'AndroidTargetPlatform' loaded TargetPlatform 'Android_ETC1aClient'
[2019.10.04-22.19.52:730][  0]LogTemp: Display: Module 'AndroidTargetPlatform' loaded TargetPlatform 'Android_ETC2Client'
[2019.10.04-22.19.52:730][  0]LogTemp: Display: Module 'AndroidTargetPlatform' loaded TargetPlatform 'Android_PVRTCClient'
[2019.10.04-22.19.52:730][  0]LogTemp: Display: Module 'AndroidTargetPlatform' loaded TargetPlatform 'Android_Multi'
[2019.10.04-22.19.52:730][  0]LogTemp: Display: Module 'AndroidTargetPlatform' loaded TargetPlatform 'Android_MultiClient'
[2019.10.04-22.19.52:738][  0]LogTemp: Display: Module 'HTML5TargetPlatform' loaded TargetPlatform 'HTML5'
[2019.10.04-22.19.52:768][  0]LogTemp: Display: Module 'IOSTargetPlatform' loaded TargetPlatform 'IOSClient'
[2019.10.04-22.19.52:768][  0]LogTemp: Display: Module 'IOSTargetPlatform' loaded TargetPlatform 'IOS'
[2019.10.04-22.19.52:789][  0]LogTemp: Display: Module 'TVOSTargetPlatform' loaded TargetPlatform 'TVOSClient'
[2019.10.04-22.19.52:789][  0]LogTemp: Display: Module 'TVOSTargetPlatform' loaded TargetPlatform 'TVOS'
[2019.10.04-22.19.52:797][  0]LogTemp: Display: Module 'LinuxClientTargetPlatform' loaded TargetPlatform 'LinuxClient'
[2019.10.04-22.19.52:811][  0]LogTemp: Display: Module 'LinuxNoEditorTargetPlatform' loaded TargetPlatform 'LinuxNoEditor'
[2019.10.04-22.19.52:826][  0]LogTemp: Display: Module 'LinuxServerTargetPlatform' loaded TargetPlatform 'LinuxServer'
[2019.10.04-22.19.52:843][  0]LogTemp: Display: Module 'LinuxTargetPlatform' loaded TargetPlatform 'Linux'
[2019.10.04-22.19.52:876][  0]LogTemp: Display: Module 'LuminTargetPlatform' loaded TargetPlatform 'Lumin'
[2019.10.04-22.19.52:876][  0]LogTemp: Display: Module 'LuminTargetPlatform' loaded TargetPlatform 'LuminClient'
[2019.10.04-22.19.52:876][  0]LogTargetPlatformManager: Display: Building Assets For Windows
[2019.10.04-22.19.52:905][  0]LogAudioDebug: Display: Lib vorbis DLL was dynamically loaded.
[2019.10.04-22.19.53:029][  0]LogShaderCompilers: Guid format shader working directory is -37 characters bigger than the processId version (../../../../../../Users/bennett253/Documents/GitHub/SupermarketSpeedrun/SpeedyBoyMarket/Intermediate/Shaders/WorkingDirectory/16456/).
[2019.10.04-22.19.53:031][  0]LogShaderCompilers: Cleaned the shader compiler working directory 'C:/Users/bennett253/AppData/Local/Temp/UnrealShaderWorkingDir/D146684E47CBD7950F1AC1870D06C9CB/'.
[2019.10.04-22.19.53:034][  0]LogXGEController: Cleaning working directory: C:/Users/bennett253/AppData/Local/Temp/UnrealXGEWorkingDir/
[2019.10.04-22.19.53:035][  0]LogXGEController: Cannot use XGE Controller as Incredibuild is not installed on this machine.
[2019.10.04-22.19.53:035][  0]LogShaderCompilers: Cannot use XGE Shader Compiler as Incredibuild is not installed on this machine.
[2019.10.04-22.19.53:035][  0]LogShaderCompilers: Display: Using Local Shader Compiler.
[2019.10.04-22.19.53:688][  0]LogDerivedDataCache: Display: Max Cache Size: 512 MB
[2019.10.04-22.19.53:733][  0]LogDerivedDataCache: Loaded boot cache 0.05s 73MB C:/Users/bennett253/AppData/Local/UnrealEngine/4.23/DerivedDataCache/Boot.ddc.
[2019.10.04-22.19.53:733][  0]LogDerivedDataCache: Display: Loaded Boot cache: C:/Users/bennett253/AppData/Local/UnrealEngine/4.23/DerivedDataCache/Boot.ddc
[2019.10.04-22.19.53:733][  0]LogDerivedDataCache: FDerivedDataBackendGraph:  Pak pak cache file ../../../../../../Users/bennett253/Documents/GitHub/SupermarketSpeedrun/SpeedyBoyMarket/DerivedDataCache/DDC.ddp not found, will not use a pak cache.
[2019.10.04-22.19.53:733][  0]LogDerivedDataCache: Unable to find inner node Pak for hierarchical cache Hierarchy.
[2019.10.04-22.19.53:733][  0]LogDerivedDataCache: FDerivedDataBackendGraph:  CompressedPak pak cache file ../../../../../../Users/bennett253/Documents/GitHub/SupermarketSpeedrun/SpeedyBoyMarket/DerivedDataCache/Compressed.ddp not found, will not use a pak cache.
[2019.10.04-22.19.53:733][  0]LogDerivedDataCache: Unable to find inner node CompressedPak for hierarchical cache Hierarchy.
[2019.10.04-22.19.53:744][  0]LogDerivedDataCache: Display: Pak cache opened for reading ../../../Engine/DerivedDataCache/Compressed.ddp.
[2019.10.04-22.19.53:744][  0]LogDerivedDataCache: FDerivedDataBackendGraph:  EnterprisePak pak cache file ../../../Enterprise/DerivedDataCache/Compressed.ddp not found, will not use a pak cache.
[2019.10.04-22.19.53:744][  0]LogDerivedDataCache: Unable to find inner node EnterprisePak for hierarchical cache Hierarchy.
[2019.10.04-22.19.53:748][  0]LogDerivedDataCache: Using Local data cache path C:/Users/bennett253/AppData/Local/UnrealEngine/Common/DerivedDataCache: Writable
[2019.10.04-22.19.53:748][  0]LogDerivedDataCache: Shared data cache path not found in *engine.ini, will not use an Shared cache.
[2019.10.04-22.19.53:748][  0]LogDerivedDataCache: Unable to find inner node Shared for hierarchical cache Hierarchy.
[2019.10.04-22.19.53:771][  0]LogMaterial: Verifying Global Shaders for PCD3D_SM5
[2019.10.04-22.19.53:773][  0]LogSlate: Using FreeType 2.6.0
[2019.10.04-22.19.53:775][  0]LogSlate: SlateFontServices - WITH_FREETYPE: 1, WITH_HARFBUZZ: 1
[2019.10.04-22.19.53:844][  0]LogAssetRegistry: FAssetRegistry took 0.0026 seconds to start up
[2019.10.04-22.19.54:111][  0]LogInit: Selected Device Profile: [Windows]
[2019.10.04-22.19.54:297][  0]LogMeshReduction: Using QuadricMeshReduction for automatic static mesh reduction
[2019.10.04-22.19.54:297][  0]LogMeshReduction: Using SimplygonMeshReduction for automatic skeletal mesh reduction
[2019.10.04-22.19.54:297][  0]LogMeshReduction: Using ProxyLODMeshReduction for automatic mesh merging
[2019.10.04-22.19.54:297][  0]LogMeshReduction: No distributed automatic mesh merging module available
[2019.10.04-22.19.54:298][  0]LogMeshMerging: No distributed automatic mesh merging module available
[2019.10.04-22.19.54:312][  0]LogNetVersion: SpeedyBoyMarket 1.0.0, NetCL: 8243293, EngineNetVer: 11, GameNetVer: 0 (Checksum: 1241256940)
[2019.10.04-22.19.54:726][  0]LogPackageLocalizationCache: Processed 12 localized package path(s) for 1 prioritized culture(s) in 0.068019 seconds
[2019.10.04-22.19.54:733][  0]LogUObjectArray: 43426 objects as part of root set at end of initial load.
[2019.10.04-22.19.54:733][  0]LogUObjectAllocator: 7545544 out of 0 bytes used by permanent object pool.
[2019.10.04-22.19.54:733][  0]LogUObjectArray: CloseDisregardForGC: 0/0 objects in disregard for GC pool
[2019.10.04-22.19.55:978][  0]LogTcpMessaging: Initializing TcpMessaging bridge
[2019.10.04-22.19.55:988][  0]LogUdpMessaging: Initializing bridge on interface 0.0.0.0:0 to multicast group 230.0.0.1:6666.
[2019.10.04-22.19.56:093][  0]SourceControl: Source control is disabled
[2019.10.04-22.19.56:093][  0]SourceControl: Source control is disabled
[2019.10.04-22.19.56:095][  0]SourceControl: Source control is disabled
[2019.10.04-22.19.56:102][  0]SourceControl: Source control is disabled
[2019.10.04-22.19.56:191][  0]LogStreaming: Warning: Failed to read file '../../../Engine/Plugins/Enterprise/DatasmithContent/Resources/Icons/HDRIBackdrop.png' error.
[2019.10.04-22.19.56:191][  0]LogSlate: Could not find file for Slate resource: ../../../Engine/Plugins/Enterprise/DatasmithContent/Resources/Icons/HDRIBackdrop.png
[2019.10.04-22.19.56:335][  0]LogAndroidPermission: UAndroidPermissionCallbackProxy::GetInstance
[2019.10.04-22.19.56:566][  0]LogOcInput: OculusInput pre-init called
[2019.10.04-22.19.56:580][  0]LogWindows: Failed to load 'OVRPlugin.dll' (GetLastError=126)
[2019.10.04-22.19.56:580][  0]LogWindows: File 'OVRPlugin.dll' does not exist
[2019.10.04-22.19.56:661][  0]LogEngine: Initializing Engine...
[2019.10.04-22.19.56:662][  0]LogHMD: Failed to initialize OpenVR with code 110
[2019.10.04-22.19.56:663][  0]LogStats: UGameplayTagsManager::InitializeManager -  0.000 s
[2019.10.04-22.19.56:870][  0]LogInit: Initializing FReadOnlyCVARCache
[2019.10.04-22.19.56:888][  0]LogAIModule: Creating AISystem for world Untitled
[2019.10.04-22.19.56:908][  0]LogInit: XAudio2 using 'VS-66HN (NVIDIA High Definition Audio)' : 2 channels at 48 kHz using 16 bits per sample (channel mask 0x3)
[2019.10.04-22.19.56:979][  0]LogInit: FAudioDevice initialized.
[2019.10.04-22.19.56:979][  0]LogNetVersion: Set ProjectVersion to 1.0.0.0. Version Checksum will be recalculated on next use.
[2019.10.04-22.19.57:064][  0]LogDerivedDataCache: Saved boot cache 0.09s 73MB C:/Users/bennett253/AppData/Local/UnrealEngine/4.23/DerivedDataCache/Boot.ddc.
[2019.10.04-22.19.57:067][  0]LogInit: Texture streaming: Enabled
[2019.10.04-22.19.57:099][  0]LogEngineSessionManager: EngineSessionManager initialized
[2019.10.04-22.19.57:169][  0]LogInit: Transaction tracking system initialized
[2019.10.04-22.19.57:235][  0]BlueprintLog: New page: Editor Load
[2019.10.04-22.19.57:391][  0]LocalizationService: Localization service is disabled
[2019.10.04-22.19.57:711][  0]LogFileCache: Scanning file cache for directory 'C:/Users/bennett253/Documents/GitHub/SupermarketSpeedrun/SpeedyBoyMarket/Content/' took 0.00s
[2019.10.04-22.19.57:711][  0]LogCook: Display: Max memory allowance for cook 16384mb min free memory 0mb
[2019.10.04-22.19.57:711][  0]LogCook: Display: Mobile HDR setting 1
[2019.10.04-22.19.58:077][  0]SourceControl: Source control is disabled
[2019.10.04-22.19.58:077][  0]Cmd: MAP LOAD FILE="../../../../../../Users/bennett253/Documents/GitHub/SupermarketSpeedrun/SpeedyBoyMarket/Content/FirstPersonBP/Maps/FirstPersonExampleMap.umap" TEMPLATE=0 SHOWPROGRESS=1 FEATURELEVEL=3
[2019.10.04-22.19.58:079][  0]LightingResults: New page: Lighting Build
[2019.10.04-22.19.58:083][  0]LogWorld: UWorld::CleanupWorld for Untitled, bSessionEnded=true, bCleanupResources=true
[2019.10.04-22.19.58:083][  0]MapCheck: New page: Map Check
[2019.10.04-22.19.58:083][  0]LightingResults: New page: Lighting Build
[2019.10.04-22.19.58:105][  0]LogUObjectHash: Compacting FUObjectHashTables data took   1.67ms
[2019.10.04-22.19.58:364][  0]LogAIModule: Creating AISystem for world FirstPersonExampleMap
[2019.10.04-22.19.58:386][  0]LogEditorServer: Finished looking for orphan Actors (0.000 secs)
[2019.10.04-22.19.58:412][  0]LogUObjectHash: Compacting FUObjectHashTables data took   2.28ms
[2019.10.04-22.19.58:412][  0]Cmd: MAP CHECKDEP NOCLEARLOG
[2019.10.04-22.19.58:412][  0]MapCheck: Map check complete: 0 Error(s), 0 Warning(s), took 0.178ms to complete.
[2019.10.04-22.19.58:412][  0]LogFileHelpers: Loading map 'FirstPersonExampleMap' took 0.335
[2019.10.04-22.19.58:503][  0]LogSlate: Updating window title bar state: overlay mode, drag disabled, window buttons hidden, title bar hidden
[2019.10.04-22.19.58:511][  0]LogSlate: Updating window title bar state: overlay mode, drag disabled, window buttons hidden, title bar hidden
[2019.10.04-22.19.58:518][  0]LogSlate: Updating window title bar state: overlay mode, drag disabled, window buttons hidden, title bar hidden
[2019.10.04-22.19.58:525][  0]LogSlate: Updating window title bar state: overlay mode, drag disabled, window buttons hidden, title bar hidden
[2019.10.04-22.19.58:536][  0]LogCollectionManager: Loaded 0 collections in 0.002337 seconds
[2019.10.04-22.19.58:547][  0]LogFileCache: Scanning file cache for directory 'C:/Users/bennett253/Documents/GitHub/SupermarketSpeedrun/SpeedyBoyMarket/Saved/Collections/' took 0.00s
[2019.10.04-22.19.58:547][  0]LogFileCache: Scanning file cache for directory 'C:/Users/bennett253/Documents/GitHub/SupermarketSpeedrun/SpeedyBoyMarket/Content/Developers/bennett253/Collections/' took 0.00s
[2019.10.04-22.19.58:547][  0]LogFileCache: Scanning file cache for directory 'C:/Users/bennett253/Documents/GitHub/SupermarketSpeedrun/SpeedyBoyMarket/Content/Collections/' took 0.00s
[2019.10.04-22.19.58:547][  0]LogCollectionManager: Rebuilt the GUID cache for 0 collections in 0.000001 seconds
[2019.10.04-22.19.58:555][  0]LogContentBrowser: Native class hierarchy populated in 0.0076 seconds. Added 2862 classes and 680 folders.
[2019.10.04-22.19.58:562][  0]LogContentBrowser: Native class hierarchy updated for 'WidgetCarousel' in 0.0003 seconds. Added 0 classes and 0 folders.
[2019.10.04-22.19.58:613][  0]LogContentBrowser: Native class hierarchy updated for 'AddContentDialog' in 0.0002 seconds. Added 0 classes and 0 folders.
[2019.10.04-22.19.58:625][  0]LogContentBrowser: Native class hierarchy updated for 'SceneOutliner' in 0.0003 seconds. Added 1 classes and 2 folders.
[2019.10.04-22.19.58:649][  0]LogSlate: Took 0.000260 seconds to synchronously load lazily loaded font '../../../Engine/Content/Slate/Fonts/Roboto-Regular.ttf' (155K)
[2019.10.04-22.19.58:651][  0]LogSlate: Took 0.000213 seconds to synchronously load lazily loaded font '../../../Engine/Content/Slate/Fonts/Roboto-Bold.ttf' (160K)
[2019.10.04-22.19.58:655][  0]LogSlate: Took 0.000359 seconds to synchronously load lazily loaded font '../../../Engine/Content/Editor/Slate/Fonts/FontAwesome.ttf' (139K)
[2019.10.04-22.19.58:716][  0]LogRenderer: Reallocating scene render targets to support 860x572 Format 10 NumSamples 1 (Frame:1).
[2019.10.04-22.19.58:811][  0]LogContentBrowser: Native class hierarchy updated for 'HierarchicalLODOutliner' in 0.0003 seconds. Added 0 classes and 0 folders.
[2019.10.04-22.19.58:811][  0]LogLoad: (Engine Initialization) Total time: 8.83 seconds
[2019.10.04-22.19.58:811][  0]LogLoad: (Engine Initialization) Total Blueprint compile time: 0.00 seconds
[2019.10.04-22.19.58:870][  0]LogAssetRegistry: Asset discovery search completed in 5.0269 seconds
[2019.10.04-22.19.58:875][  0]LogCollectionManager: Rebuilt the object cache for 0 collections in 0.000003 seconds (found 0 objects)
[2019.10.04-22.19.58:875][  0]LogCollectionManager: Fixed up redirectors for 0 collections in 0.000050 seconds (updated 0 objects)
[2019.10.04-22.19.59:080][  0]LogContentStreaming: Texture pool size now 1000 MB
[2019.10.04-22.19.59:103][  0]LogSlate: Took 0.000364 seconds to synchronously load lazily loaded font '../../../Engine/Content/Slate/Fonts/Roboto-Light.ttf' (167K)
[2019.10.04-22.21.49:005][328]LogSlate: FSceneViewport::OnFocusLost() reason 0
[2019.10.04-22.21.58:970][447]LogSlate: Took 0.001990 seconds to synchronously load lazily loaded font '../../../Engine/Content/Slate/Fonts/Roboto-Italic.ttf' (157K)
[2019.10.04-22.21.59:684][531]LogSlate: FSceneViewport::OnFocusLost() reason 2
[2019.10.04-22.22.04:732][111]LogSlate: FSceneViewport::OnFocusLost() reason 2
[2019.10.04-22.22.05:994][214]LogSlate: Took 0.000200 seconds to synchronously load lazily loaded font '../../../Engine/Content/Slate/Fonts/Roboto-Light.ttf' (167K)
[2019.10.04-22.22.05:997][214]LogSlate: Warning: Ignoring SetUserFocus because it's not an active modal Window (user 0 not set to SViewport [SEditorViewport.cpp(54)].
[2019.10.04-22.22.06:029][214]LogSlate: FSceneViewport::OnFocusLost() reason 2
[2019.10.04-22.22.10:539][694]LogSlate: FSceneViewport::OnFocusLost() reason 0
[2019.10.04-22.22.10:630][705]LogTemp: Repeating last play command: Selected Viewport
[2019.10.04-22.22.10:640][705]LogBlueprintUserMessages: Early PlayInEditor Detection: Level '/Game/FirstPersonBP/Maps/FirstPersonExampleMap.FirstPersonExampleMap:PersistentLevel' has LevelScriptBlueprint '/Game/FirstPersonBP/Maps/FirstPersonExampleMap.FirstPersonExampleMap:PersistentLevel.FirstPersonExampleMap' with GeneratedClass '/Game/FirstPersonBP/Maps/FirstPersonExampleMap.FirstPersonExampleMap_C' with ClassGeneratedBy '/Game/FirstPersonBP/Maps/FirstPersonExampleMap.FirstPersonExampleMap:PersistentLevel.FirstPersonExampleMap'
[2019.10.04-22.22.10:641][705]LogPlayLevel: PlayLevel: No blueprints needed recompiling
[2019.10.04-22.22.10:642][705]PIE: New page: PIE session: FirstPersonExampleMap (Oct 4, 2019, 2:22:10 PM)
[2019.10.04-22.22.10:643][705]LogOnline: OSS: Creating online subsystem instance for: NULL
[2019.10.04-22.22.10:645][705]LogPlayLevel: Creating play world package: /Game/FirstPersonBP/Maps/UEDPIE_0_FirstPersonExampleMap
[2019.10.04-22.22.10:659][705]LogPlayLevel: PIE: StaticDuplicateObject took: (0.013774s)
[2019.10.04-22.22.10:660][705]LogAIModule: Creating AISystem for world FirstPersonExampleMap
[2019.10.04-22.22.10:660][705]LogPlayLevel: PIE: World Init took: (0.001011s)
[2019.10.04-22.22.10:660][705]LogPlayLevel: PIE: Created PIE world by copying editor world from /Game/FirstPersonBP/Maps/FirstPersonExampleMap.FirstPersonExampleMap to /Game/FirstPersonBP/Maps/UEDPIE_0_FirstPersonExampleMap.FirstPersonExampleMap (0.015092s)
[2019.10.04-22.22.10:684][705]LogUObjectHash: Compacting FUObjectHashTables data took   1.91ms
[2019.10.04-22.22.10:702][705]LogInit: XAudio2 using 'VS-66HN (NVIDIA High Definition Audio)' : 2 channels at 48 kHz using 16 bits per sample (channel mask 0x3)
[2019.10.04-22.22.10:712][705]LogInit: FAudioDevice initialized.
[2019.10.04-22.22.10:718][705]LogLoad: Game class is 'FirstPersonGameMode_C'
[2019.10.04-22.22.10:721][705]LogWorld: Bringing World /Game/FirstPersonBP/Maps/UEDPIE_0_FirstPersonExampleMap.FirstPersonExampleMap up for play (max tick rate 0) at 2019.10.04-18.22.10
[2019.10.04-22.22.10:722][705]LogWorld: Bringing up level for play took: 0.002165
[2019.10.04-22.22.10:722][705]LogOnline: OSS: Creating online subsystem instance for: :Context_2
[2019.10.04-22.22.10:735][705]LogContentBrowser: Native class hierarchy updated for 'MovieSceneCapture' in 0.0003 seconds. Added 20 classes and 0 folders.
[2019.10.04-22.22.10:736][705]PIE: Play in editor start time for /Game/FirstPersonBP/Maps/UEDPIE_0_FirstPersonExampleMap 0.973
[2019.10.04-22.22.10:736][705]LogBlueprintUserMessages: Late PlayInEditor Detection: Level '/Game/FirstPersonBP/Maps/FirstPersonExampleMap.FirstPersonExampleMap:PersistentLevel' has LevelScriptBlueprint '/Game/FirstPersonBP/Maps/FirstPersonExampleMap.FirstPersonExampleMap:PersistentLevel.FirstPersonExampleMap' with GeneratedClass '/Game/FirstPersonBP/Maps/FirstPersonExampleMap.FirstPersonExampleMap_C' with ClassGeneratedBy '/Game/FirstPersonBP/Maps/FirstPersonExampleMap.FirstPersonExampleMap:PersistentLevel.FirstPersonExampleMap'
[2019.10.04-22.22.12:143][818]LogBlueprintUserMessages: Early EndPlayMap Detection: Level '/Game/FirstPersonBP/Maps/FirstPersonExampleMap.FirstPersonExampleMap:PersistentLevel' has LevelScriptBlueprint '/Game/FirstPersonBP/Maps/FirstPersonExampleMap.FirstPersonExampleMap:PersistentLevel.FirstPersonExampleMap' with GeneratedClass '/Game/FirstPersonBP/Maps/FirstPersonExampleMap.FirstPersonExampleMap_C' with ClassGeneratedBy '/Game/FirstPersonBP/Maps/FirstPersonExampleMap.FirstPersonExampleMap:PersistentLevel.FirstPersonExampleMap'
[2019.10.04-22.22.12:144][818]LogSlate: Updating window title bar state: overlay mode, drag disabled, window buttons hidden, title bar hidden
[2019.10.04-22.22.12:144][818]LogWorld: BeginTearingDown for /Game/FirstPersonBP/Maps/UEDPIE_0_FirstPersonExampleMap
[2019.10.04-22.22.12:144][818]LogWorld: UWorld::CleanupWorld for FirstPersonExampleMap, bSessionEnded=true, bCleanupResources=true
[2019.10.04-22.22.12:177][818]LogPlayLevel: Display: Shutting down PIE online subsystems
[2019.10.04-22.22.12:177][818]LogBlueprintUserMessages: Late EndPlayMap Detection: Level '/Game/FirstPersonBP/Maps/FirstPersonExampleMap.FirstPersonExampleMap:PersistentLevel' has LevelScriptBlueprint '/Game/FirstPersonBP/Maps/FirstPersonExampleMap.FirstPersonExampleMap:PersistentLevel.FirstPersonExampleMap' with GeneratedClass '/Game/FirstPersonBP/Maps/FirstPersonExampleMap.FirstPersonExampleMap_C' with ClassGeneratedBy '/Game/FirstPersonBP/Maps/FirstPersonExampleMap.FirstPersonExampleMap:PersistentLevel.FirstPersonExampleMap'
[2019.10.04-22.22.12:201][818]LogSlate: Updating window title bar state: overlay mode, drag disabled, window buttons hidden, title bar hidden
[2019.10.04-22.22.12:204][818]LogUObjectHash: Compacting FUObjectHashTables data took   1.67ms
[2019.10.04-22.22.12:245][820]LogPlayLevel: Display: Destroying online subsystem :Context_2
[2019.10.04-22.22.13:745][  0]LogEditorViewport: Clicking on Actor (LMB): Actor (Actor)
[2019.10.04-22.22.15:195][168]LogSlate: FSceneViewport::OnFocusLost() reason 0
[2019.10.04-22.22.22:044][787]LogSlate: FSceneViewport::OnFocusLost() reason 0
[2019.10.04-22.22.22:203][805]LogAssetEditorManager: Opening Asset editor for WidgetBlueprint /Game/GameGuildMemberFiles/servo_thomas/ClockServo.ClockServo
[2019.10.04-22.22.22:419][805]LogContentBrowser: Native class hierarchy updated for 'BlueprintGraph' in 0.0005 seconds. Added 121 classes and 0 folders.
[2019.10.04-22.22.23:617][805]LogSlate: Took 0.000293 seconds to synchronously load lazily loaded font '../../../Engine/Content/Slate/Fonts/Roboto-BoldCondensed.ttf' (158K)
[2019.10.04-22.22.26:499][114]LogSlate: Window 'ClockServo' being destroyed
[2019.10.04-22.22.27:989][291]LogSlate: FSceneViewport::OnFocusLost() reason 0
[2019.10.04-22.22.50:668][325]LogSlate: FSceneViewport::OnFocusLost() reason 0
[2019.10.04-22.22.56:339][888]LogTemp: Repeating last play command: Selected Viewport
[2019.10.04-22.22.56:355][888]LogBlueprintUserMessages: Early PlayInEditor Detection: Level '/Game/FirstPersonBP/Maps/FirstPersonExampleMap.FirstPersonExampleMap:PersistentLevel' has LevelScriptBlueprint '/Game/FirstPersonBP/Maps/FirstPersonExampleMap.FirstPersonExampleMap:PersistentLevel.FirstPersonExampleMap' with GeneratedClass '/Game/FirstPersonBP/Maps/FirstPersonExampleMap.FirstPersonExampleMap_C' with ClassGeneratedBy '/Game/FirstPersonBP/Maps/FirstPersonExampleMap.FirstPersonExampleMap:PersistentLevel.FirstPersonExampleMap'
[2019.10.04-22.22.56:355][888]LogPlayLevel: PlayLevel: No blueprints needed recompiling
[2019.10.04-22.22.56:355][888]PIE: New page: PIE session: FirstPersonExampleMap (Oct 4, 2019, 2:22:56 PM)
[2019.10.04-22.22.56:355][888]LogPlayLevel: Creating play world package: /Game/FirstPersonBP/Maps/UEDPIE_0_FirstPersonExampleMap
[2019.10.04-22.22.56:366][888]LogPlayLevel: PIE: StaticDuplicateObject took: (0.010769s)
[2019.10.04-22.22.56:367][888]LogAIModule: Creating AISystem for world FirstPersonExampleMap
[2019.10.04-22.22.56:367][888]LogPlayLevel: PIE: World Init took: (0.000969s)
[2019.10.04-22.22.56:367][888]LogPlayLevel: PIE: Created PIE world by copying editor world from /Game/FirstPersonBP/Maps/FirstPersonExampleMap.FirstPersonExampleMap to /Game/FirstPersonBP/Maps/UEDPIE_0_FirstPersonExampleMap.FirstPersonExampleMap (0.011893s)
[2019.10.04-22.22.56:431][888]LogUObjectHash: Compacting FUObjectHashTables data took   5.13ms
[2019.10.04-22.22.56:448][888]LogInit: XAudio2 using 'VS-66HN (NVIDIA High Definition Audio)' : 2 channels at 48 kHz using 16 bits per sample (channel mask 0x3)
[2019.10.04-22.22.56:457][888]LogInit: FAudioDevice initialized.
[2019.10.04-22.22.56:462][888]LogLoad: Game class is 'FirstPersonGameMode_C'
[2019.10.04-22.22.56:464][888]LogWorld: Bringing World /Game/FirstPersonBP/Maps/UEDPIE_0_FirstPersonExampleMap.FirstPersonExampleMap up for play (max tick rate 0) at 2019.10.04-18.22.56
[2019.10.04-22.22.56:465][888]LogWorld: Bringing up level for play took: 0.001719
[2019.10.04-22.22.56:465][888]LogOnline: OSS: Creating online subsystem instance for: :Context_5
[2019.10.04-22.22.56:467][888]PIE: Play in editor start time for /Game/FirstPersonBP/Maps/UEDPIE_0_FirstPersonExampleMap 0.705
[2019.10.04-22.22.56:467][888]LogBlueprintUserMessages: Late PlayInEditor Detection: Level '/Game/FirstPersonBP/Maps/FirstPersonExampleMap.FirstPersonExampleMap:PersistentLevel' has LevelScriptBlueprint '/Game/FirstPersonBP/Maps/FirstPersonExampleMap.FirstPersonExampleMap:PersistentLevel.FirstPersonExampleMap' with GeneratedClass '/Game/FirstPersonBP/Maps/FirstPersonExampleMap.FirstPersonExampleMap_C' with ClassGeneratedBy '/Game/FirstPersonBP/Maps/FirstPersonExampleMap.FirstPersonExampleMap:PersistentLevel.FirstPersonExampleMap'
[2019.10.04-22.22.59:547][152]LogBlueprintUserMessages: Early EndPlayMap Detection: Level '/Game/FirstPersonBP/Maps/FirstPersonExampleMap.FirstPersonExampleMap:PersistentLevel' has LevelScriptBlueprint '/Game/FirstPersonBP/Maps/FirstPersonExampleMap.FirstPersonExampleMap:PersistentLevel.FirstPersonExampleMap' with GeneratedClass '/Game/FirstPersonBP/Maps/FirstPersonExampleMap.FirstPersonExampleMap_C' with ClassGeneratedBy '/Game/FirstPersonBP/Maps/FirstPersonExampleMap.FirstPersonExampleMap:PersistentLevel.FirstPersonExampleMap'
[2019.10.04-22.22.59:547][152]LogSlate: Updating window title bar state: overlay mode, drag disabled, window buttons hidden, title bar hidden
[2019.10.04-22.22.59:547][152]LogWorld: BeginTearingDown for /Game/FirstPersonBP/Maps/UEDPIE_0_FirstPersonExampleMap
[2019.10.04-22.22.59:548][152]LogWorld: UWorld::CleanupWorld for FirstPersonExampleMap, bSessionEnded=true, bCleanupResources=true
[2019.10.04-22.22.59:580][152]LogPlayLevel: Display: Shutting down PIE online subsystems
[2019.10.04-22.22.59:580][152]LogBlueprintUserMessages: Late EndPlayMap Detection: Level '/Game/FirstPersonBP/Maps/FirstPersonExampleMap.FirstPersonExampleMap:PersistentLevel' has LevelScriptBlueprint '/Game/FirstPersonBP/Maps/FirstPersonExampleMap.FirstPersonExampleMap:PersistentLevel.FirstPersonExampleMap' with GeneratedClass '/Game/FirstPersonBP/Maps/FirstPersonExampleMap.FirstPersonExampleMap_C' with ClassGeneratedBy '/Game/FirstPersonBP/Maps/FirstPersonExampleMap.FirstPersonExampleMap:PersistentLevel.FirstPersonExampleMap'
[2019.10.04-22.22.59:634][152]LogSlate: Updating window title bar state: overlay mode, drag disabled, window buttons hidden, title bar hidden
[2019.10.04-22.22.59:639][152]LogUObjectHash: Compacting FUObjectHashTables data took   3.62ms
[2019.10.04-22.22.59:656][153]LogPlayLevel: Display: Destroying online subsystem :Context_5
[2019.10.04-22.23.01:650][390]LogEditorViewport: Clicking on Actor (LMB): Actor (Actor)
[2019.10.04-22.23.05:652][739]LogSlate: FSceneViewport::OnFocusLost() reason 0
[2019.10.04-22.23.15:789][952]Cmd: DELETE
[2019.10.04-22.23.15:789][952]Cmd: ACTOR DELETE
[2019.10.04-22.23.15:796][952]LogEditorActor: Deleted Actor: Actor
[2019.10.04-22.23.15:839][952]LogUObjectHash: Compacting FUObjectHashTables data took   1.17ms
[2019.10.04-22.23.15:839][952]LogEditorActor: Deleted 1 Actors (0.047 secs)
[2019.10.04-22.23.20:127][462]LogAIModule: Creating AISystem for world Level_Proto
[2019.10.04-22.23.20:130][462]LogAssetEditorManager: Opening Asset editor for World /Game/GameGuildMemberFiles/bennett_izzy/Level_Proto.Level_Proto
[2019.10.04-22.23.20:161][462]LogUObjectHash: Compacting FUObjectHashTables data took   2.16ms
[2019.10.04-22.23.21:397][462]LogSlate: Window 'Save Content' being destroyed
[2019.10.04-22.23.21:440][462]LogUObjectHash: Compacting FUObjectHashTables data took   1.02ms
[2019.10.04-22.23.21:646][462]LogSavePackage: Moving '../../../../../../Users/bennett253/Documents/GitHub/SupermarketSpeedrun/SpeedyBoyMarket/Saved/FirstPersonExampleMap8539CED241C5A15725A3CC9C6D8B9502.tmp' to '../../../../../../Users/bennett253/Documents/GitHub/SupermarketSpeedrun/SpeedyBoyMarket/Content/FirstPersonBP/Maps/FirstPersonExampleMap.umap'
[2019.10.04-22.23.21:688][462]LogFileHelpers: Saving map 'FirstPersonExampleMap' took 0.284
[2019.10.04-22.23.21:689][462]LightingResults: New page: Lighting Build
[2019.10.04-22.23.21:690][462]LoadErrors: New page: Loading map: Level_Proto.umap
[2019.10.04-22.23.21:691][462]LogWorld: UWorld::CleanupWorld for FirstPersonExampleMap, bSessionEnded=true, bCleanupResources=true
[2019.10.04-22.23.21:692][462]MapCheck: New page: Map Check
[2019.10.04-22.23.21:692][462]LightingResults: New page: Lighting Build
[2019.10.04-22.23.21:736][462]LogUObjectHash: Compacting FUObjectHashTables data took   3.52ms
[2019.10.04-22.23.21:738][462]LogEditorServer: Finished looking for orphan Actors (0.000 secs)
[2019.10.04-22.23.21:775][462]LogUObjectHash: Compacting FUObjectHashTables data took   3.01ms
[2019.10.04-22.23.21:791][462]Cmd: MAP CHECKDEP NOCLEARLOG
[2019.10.04-22.23.21:791][462]MapCheck: Map check complete: 0 Error(s), 0 Warning(s), took 0.113ms to complete.
[2019.10.04-22.23.21:791][462]LogFileHelpers: Loading map 'Level_Proto' took 0.103
[2019.10.04-22.23.21:832][462]LogAIModule: Creating AISystem for world FirstPersonExampleMap
[2019.10.04-22.23.25:510][817]LogSlate: FSceneViewport::OnFocusLost() reason 0
[2019.10.04-22.23.25:632][828]LogActorFactory: Actor Factory created Plane
[2019.10.04-22.23.26:161][873]LogActorFactory: Actor Factory created Plane
[2019.10.04-22.23.32:605][467]LogSlate: FSceneViewport::OnFocusLost() reason 2
[2019.10.04-22.23.41:103][162]LogSlate: FSceneViewport::OnFocusLost() reason 0
[2019.10.04-22.23.44:601][546]LogEditorViewport: Clicking on Actor (LMB): StaticMeshActor (Plane)
[2019.10.04-22.23.44:888][574]LogEditorViewport: Clicking on Actor (LMB): StaticMeshActor (Plane2)
[2019.10.04-22.23.45:576][650]LogSlate: FSceneViewport::OnFocusLost() reason 2
[2019.10.04-22.23.54:730][738]LogSlate: Window 'Select Path' being destroyed
[2019.10.04-22.23.54:829][738]LogUObjectHash: Compacting FUObjectHashTables data took   4.78ms
[2019.10.04-22.23.54:849][738]LogSlate: FSceneViewport::OnFocusLost() reason 5
[2019.10.04-22.23.54:851][738]LogAssetEditorManager: Opening Asset editor for Blueprint /Game/GameGuildMemberFiles/bennett_izzy/Plane2_Blueprint.Plane2_Blueprint
[2019.10.04-22.23.55:297][739]LogRenderer: Reallocating scene render targets to support 1144x900 Format 10 NumSamples 1 (Frame:1).
[2019.10.04-22.24.00:790][177]LogSlate: FSceneViewport::OnFocusLost() reason 2
[2019.10.04-22.24.05:417][556]LogSlate: FSceneViewport::OnFocusLost() reason 2
[2019.10.04-22.24.14:129][199]LogSlate: FSceneViewport::OnFocusLost() reason 2
[2019.10.04-22.24.14:135][199]LogSlate: Prevented a slow task dialog from being summoned while a context menu was open
[2019.10.04-22.24.21:612][759]LogSlate: FSceneViewport::OnFocusLost() reason 0
[2019.10.04-22.24.30:858][315]LogSlate: FSceneViewport::OnFocusLost() reason 0
[2019.10.04-22.24.56:443][453]LogSlate: FSceneViewport::OnFocusLost() reason 0
[2019.10.04-22.24.56:514][459]BlueprintLog: New page: Compile Plane2_Blueprint
[2019.10.04-22.24.56:870][459]LogUObjectHash: Compacting FUObjectHashTables data took   4.92ms
[2019.10.04-22.25.19:906][249]LogSlate: FSceneViewport::OnFocusLost() reason 0
[2019.10.04-22.25.25:712][678]LogSlate: FSceneViewport::OnFocusLost() reason 0
[2019.10.04-22.25.32:406][206]LogSlate: FSceneViewport::OnFocusLost() reason 0
[2019.10.04-22.26.12:212][921]BlueprintLog: New page: Compile ClockServo
[2019.10.04-22.26.12:555][921]LogUObjectHash: Compacting FUObjectHashTables data took   4.61ms
[2019.10.04-22.26.15:445][173]BlueprintLog: New page: Compile Plane2_Blueprint
[2019.10.04-22.26.15:672][173]LogUObjectHash: Compacting FUObjectHashTables data took   4.34ms
[2019.10.04-22.26.22:019][669]LogSlate: FSceneViewport::OnFocusLost() reason 0
[2019.10.04-22.26.30:002][191]LogSlate: FSceneViewport::OnFocusLost() reason 0
[2019.10.04-22.26.30:062][196]BlueprintLog: New page: Compile Plane2_Blueprint
[2019.10.04-22.26.30:293][196]LogUObjectHash: Compacting FUObjectHashTables data took   4.28ms
[2019.10.04-22.26.36:189][706]LogSlate: FSceneViewport::OnFocusLost() reason 0
[2019.10.04-22.26.36:280][717]LogTemp: Repeating last play command: Selected Viewport
[2019.10.04-22.26.36:295][717]LogBlueprintUserMessages: Early PlayInEditor Detection: Level '/Game/GameGuildMemberFiles/bennett_izzy/Level_Proto.Level_Proto:PersistentLevel' has LevelScriptBlueprint '/Game/GameGuildMemberFiles/bennett_izzy/Level_Proto.Level_Proto:PersistentLevel.Level_Proto' with GeneratedClass '/Game/GameGuildMemberFiles/bennett_izzy/Level_Proto.Level_Proto_C' with ClassGeneratedBy '/Game/GameGuildMemberFiles/bennett_izzy/Level_Proto.Level_Proto:PersistentLevel.Level_Proto'
[2019.10.04-22.26.36:295][717]LogPlayLevel: PlayLevel: No blueprints needed recompiling
[2019.10.04-22.26.36:295][717]PIE: New page: PIE session: Level_Proto (Oct 4, 2019, 2:26:36 PM)
[2019.10.04-22.26.36:295][717]LogPlayLevel: Creating play world package: /Game/GameGuildMemberFiles/bennett_izzy/UEDPIE_0_Level_Proto
[2019.10.04-22.26.36:297][717]LogPlayLevel: PIE: StaticDuplicateObject took: (0.001591s)
[2019.10.04-22.26.36:298][717]LogAIModule: Creating AISystem for world Level_Proto
[2019.10.04-22.26.36:298][717]LogPlayLevel: PIE: World Init took: (0.000841s)
[2019.10.04-22.26.36:298][717]LogPlayLevel: PIE: Created PIE world by copying editor world from /Game/GameGuildMemberFiles/bennett_izzy/Level_Proto.Level_Proto to /Game/GameGuildMemberFiles/bennett_izzy/UEDPIE_0_Level_Proto.Level_Proto (0.002616s)
[2019.10.04-22.26.36:334][717]LogUObjectHash: Compacting FUObjectHashTables data took   4.26ms
[2019.10.04-22.26.36:350][717]LogInit: XAudio2 using 'VS-66HN (NVIDIA High Definition Audio)' : 2 channels at 48 kHz using 16 bits per sample (channel mask 0x3)
[2019.10.04-22.26.36:360][717]LogInit: FAudioDevice initialized.
[2019.10.04-22.26.36:366][717]LogLoad: Game class is 'FirstPersonGameMode_C'
[2019.10.04-22.26.36:367][717]LogWorld: Bringing World /Game/GameGuildMemberFiles/bennett_izzy/UEDPIE_0_Level_Proto.Level_Proto up for play (max tick rate 0) at 2019.10.04-18.26.36
[2019.10.04-22.26.36:368][717]LogWorld: Bringing up level for play took: 0.000545
[2019.10.04-22.26.36:368][717]LogOnline: OSS: Creating online subsystem instance for: :Context_9
[2019.10.04-22.26.36:372][717]PIE: Play in editor start time for /Game/GameGuildMemberFiles/bennett_izzy/UEDPIE_0_Level_Proto 0.69
[2019.10.04-22.26.36:373][717]LogBlueprintUserMessages: Late PlayInEditor Detection: Level '/Game/GameGuildMemberFiles/bennett_izzy/Level_Proto.Level_Proto:PersistentLevel' has LevelScriptBlueprint '/Game/GameGuildMemberFiles/bennett_izzy/Level_Proto.Level_Proto:PersistentLevel.Level_Proto' with GeneratedClass '/Game/GameGuildMemberFiles/bennett_izzy/Level_Proto.Level_Proto_C' with ClassGeneratedBy '/Game/GameGuildMemberFiles/bennett_izzy/Level_Proto.Level_Proto:PersistentLevel.Level_Proto'
[2019.10.04-22.26.39:776][990]LogBlueprintUserMessages: Early EndPlayMap Detection: Level '/Game/GameGuildMemberFiles/bennett_izzy/Level_Proto.Level_Proto:PersistentLevel' has LevelScriptBlueprint '/Game/GameGuildMemberFiles/bennett_izzy/Level_Proto.Level_Proto:PersistentLevel.Level_Proto' with GeneratedClass '/Game/GameGuildMemberFiles/bennett_izzy/Level_Proto.Level_Proto_C' with ClassGeneratedBy '/Game/GameGuildMemberFiles/bennett_izzy/Level_Proto.Level_Proto:PersistentLevel.Level_Proto'
[2019.10.04-22.26.39:776][990]LogSlate: Updating window title bar state: overlay mode, drag disabled, window buttons hidden, title bar hidden
[2019.10.04-22.26.39:776][990]LogWorld: BeginTearingDown for /Game/GameGuildMemberFiles/bennett_izzy/UEDPIE_0_Level_Proto
[2019.10.04-22.26.39:776][990]LogWorld: UWorld::CleanupWorld for Level_Proto, bSessionEnded=true, bCleanupResources=true
[2019.10.04-22.26.39:811][990]LogPlayLevel: Display: Shutting down PIE online subsystems
[2019.10.04-22.26.39:811][990]LogBlueprintUserMessages: Late EndPlayMap Detection: Level '/Game/GameGuildMemberFiles/bennett_izzy/Level_Proto.Level_Proto:PersistentLevel' has LevelScriptBlueprint '/Game/GameGuildMemberFiles/bennett_izzy/Level_Proto.Level_Proto:PersistentLevel.Level_Proto' with GeneratedClass '/Game/GameGuildMemberFiles/bennett_izzy/Level_Proto.Level_Proto_C' with ClassGeneratedBy '/Game/GameGuildMemberFiles/bennett_izzy/Level_Proto.Level_Proto:PersistentLevel.Level_Proto'
[2019.10.04-22.26.39:864][990]LogSlate: Updating window title bar state: overlay mode, drag disabled, window buttons hidden, title bar hidden
[2019.10.04-22.26.39:868][990]LogUObjectHash: Compacting FUObjectHashTables data took   3.27ms
[2019.10.04-22.26.39:884][991]LogPlayLevel: Display: Destroying online subsystem :Context_9
[2019.10.04-22.26.40:515][ 64]LogEditorViewport: Clicking on Actor (LMB): Plane2_Blueprint_C (Plane2_Blueprint)
[2019.10.04-22.26.45:772][534]LogSlate: FSceneViewport::OnFocusLost() reason 0
[2019.10.04-22.26.46:945][671]LogEditorViewport: Clicking on Component (LMB): StaticMeshComponent (StaticMeshComponent0)
[2019.10.04-22.27.00:624][934]LogSlate: FSceneViewport::OnFocusLost() reason 0
[2019.10.04-22.27.00:708][944]LogTemp: Repeating last play command: Selected Viewport
[2019.10.04-22.27.00:722][944]LogBlueprintUserMessages: Early PlayInEditor Detection: Level '/Game/GameGuildMemberFiles/bennett_izzy/Level_Proto.Level_Proto:PersistentLevel' has LevelScriptBlueprint '/Game/GameGuildMemberFiles/bennett_izzy/Level_Proto.Level_Proto:PersistentLevel.Level_Proto' with GeneratedClass '/Game/GameGuildMemberFiles/bennett_izzy/Level_Proto.Level_Proto_C' with ClassGeneratedBy '/Game/GameGuildMemberFiles/bennett_izzy/Level_Proto.Level_Proto:PersistentLevel.Level_Proto'
[2019.10.04-22.27.00:722][944]LogPlayLevel: PlayLevel: No blueprints needed recompiling
[2019.10.04-22.27.00:722][944]PIE: New page: PIE session: Level_Proto (Oct 4, 2019, 2:27:00 PM)
[2019.10.04-22.27.00:722][944]LogPlayLevel: Creating play world package: /Game/GameGuildMemberFiles/bennett_izzy/UEDPIE_0_Level_Proto
[2019.10.04-22.27.00:724][944]LogPlayLevel: PIE: StaticDuplicateObject took: (0.001643s)
[2019.10.04-22.27.00:725][944]LogAIModule: Creating AISystem for world Level_Proto
[2019.10.04-22.27.00:725][944]LogPlayLevel: PIE: World Init took: (0.000912s)
[2019.10.04-22.27.00:725][944]LogPlayLevel: PIE: Created PIE world by copying editor world from /Game/GameGuildMemberFiles/bennett_izzy/Level_Proto.Level_Proto to /Game/GameGuildMemberFiles/bennett_izzy/UEDPIE_0_Level_Proto.Level_Proto (0.002646s)
[2019.10.04-22.27.00:760][944]LogUObjectHash: Compacting FUObjectHashTables data took   3.25ms
[2019.10.04-22.27.00:776][944]LogInit: XAudio2 using 'VS-66HN (NVIDIA High Definition Audio)' : 2 channels at 48 kHz using 16 bits per sample (channel mask 0x3)
[2019.10.04-22.27.00:785][944]LogInit: FAudioDevice initialized.
[2019.10.04-22.27.00:790][944]LogLoad: Game class is 'FirstPersonGameMode_C'
[2019.10.04-22.27.00:791][944]LogWorld: Bringing World /Game/GameGuildMemberFiles/bennett_izzy/UEDPIE_0_Level_Proto.Level_Proto up for play (max tick rate 0) at 2019.10.04-18.27.00
[2019.10.04-22.27.00:791][944]LogWorld: Bringing up level for play took: 0.000493
[2019.10.04-22.27.00:791][944]LogOnline: OSS: Creating online subsystem instance for: :Context_10
[2019.10.04-22.27.00:794][944]PIE: Play in editor start time for /Game/GameGuildMemberFiles/bennett_izzy/UEDPIE_0_Level_Proto -0.877
[2019.10.04-22.27.00:794][944]LogBlueprintUserMessages: Late PlayInEditor Detection: Level '/Game/GameGuildMemberFiles/bennett_izzy/Level_Proto.Level_Proto:PersistentLevel' has LevelScriptBlueprint '/Game/GameGuildMemberFiles/bennett_izzy/Level_Proto.Level_Proto:PersistentLevel.Level_Proto' with GeneratedClass '/Game/GameGuildMemberFiles/bennett_izzy/Level_Proto.Level_Proto_C' with ClassGeneratedBy '/Game/GameGuildMemberFiles/bennett_izzy/Level_Proto.Level_Proto:PersistentLevel.Level_Proto'
[2019.10.04-22.27.08:309][548]LogBlueprintUserMessages: Early EndPlayMap Detection: Level '/Game/GameGuildMemberFiles/bennett_izzy/Level_Proto.Level_Proto:PersistentLevel' has LevelScriptBlueprint '/Game/GameGuildMemberFiles/bennett_izzy/Level_Proto.Level_Proto:PersistentLevel.Level_Proto' with GeneratedClass '/Game/GameGuildMemberFiles/bennett_izzy/Level_Proto.Level_Proto_C' with ClassGeneratedBy '/Game/GameGuildMemberFiles/bennett_izzy/Level_Proto.Level_Proto:PersistentLevel.Level_Proto'
[2019.10.04-22.27.08:309][548]LogSlate: Updating window title bar state: overlay mode, drag disabled, window buttons hidden, title bar hidden
[2019.10.04-22.27.08:309][548]LogWorld: BeginTearingDown for /Game/GameGuildMemberFiles/bennett_izzy/UEDPIE_0_Level_Proto
[2019.10.04-22.27.08:309][548]LogWorld: UWorld::CleanupWorld for Level_Proto, bSessionEnded=true, bCleanupResources=true
[2019.10.04-22.27.08:343][548]LogPlayLevel: Display: Shutting down PIE online subsystems
[2019.10.04-22.27.08:343][548]LogBlueprintUserMessages: Late EndPlayMap Detection: Level '/Game/GameGuildMemberFiles/bennett_izzy/Level_Proto.Level_Proto:PersistentLevel' has LevelScriptBlueprint '/Game/GameGuildMemberFiles/bennett_izzy/Level_Proto.Level_Proto:PersistentLevel.Level_Proto' with GeneratedClass '/Game/GameGuildMemberFiles/bennett_izzy/Level_Proto.Level_Proto_C' with ClassGeneratedBy '/Game/GameGuildMemberFiles/bennett_izzy/Level_Proto.Level_Proto:PersistentLevel.Level_Proto'
[2019.10.04-22.27.08:393][548]LogSlate: Updating window title bar state: overlay mode, drag disabled, window buttons hidden, title bar hidden
[2019.10.04-22.27.08:398][548]LogUObjectHash: Compacting FUObjectHashTables data took   3.42ms
[2019.10.04-22.27.08:414][549]LogPlayLevel: Display: Destroying online subsystem :Context_10
[2019.10.04-22.27.09:156][635]LogSlate: FSceneViewport::OnFocusLost() reason 0
[2019.10.04-22.27.28:430][591]LogAssetEditorManager: Opening Asset editor for Blueprint /Game/FirstPersonBP/Blueprints/Timer.Timer
[2019.10.04-22.27.41:005][504]LogMetaData: Removing '/Game/GameGuildMemberFiles/servo_thomas/Timer.Timer:UserConstructionScript.K2Node_FunctionEntry_0' ref from Metadata '/Game/FirstPersonBP/Blueprints/Timer.PackageMetaData'
[2019.10.04-22.27.41:005][504]LogMetaData: Removing '/Game/GameGuildMemberFiles/servo_thomas/Timer.Timer_C' ref from Metadata '/Game/FirstPersonBP/Blueprints/Timer.PackageMetaData'
[2019.10.04-22.27.41:005][504]LogMetaData: Removing '/Game/GameGuildMemberFiles/servo_thomas/Timer.Timer:EventGraph.K2Node_Event_0' ref from Metadata '/Game/FirstPersonBP/Blueprints/Timer.PackageMetaData'
[2019.10.04-22.27.41:005][504]LogMetaData: Removing '/Game/GameGuildMemberFiles/servo_thomas/Timer.Timer:EventGraph.K2Node_Event_1' ref from Metadata '/Game/FirstPersonBP/Blueprints/Timer.PackageMetaData'
[2019.10.04-22.27.41:005][504]LogMetaData: Removing '/Game/GameGuildMemberFiles/servo_thomas/Timer.Timer:EventGraph.K2Node_Event_2' ref from Metadata '/Game/FirstPersonBP/Blueprints/Timer.PackageMetaData'
[2019.10.04-22.27.41:005][504]LogMetaData: Removing '/Game/GameGuildMemberFiles/servo_thomas/Timer.SKEL_Timer_C:ReceiveBeginPlay' ref from Metadata '/Game/FirstPersonBP/Blueprints/Timer.PackageMetaData'
[2019.10.04-22.27.41:005][504]LogMetaData: Removing '/Game/GameGuildMemberFiles/servo_thomas/Timer.SKEL_Timer_C:ReceiveActorBeginOverlap' ref from Metadata '/Game/FirstPersonBP/Blueprints/Timer.PackageMetaData'
[2019.10.04-22.27.41:005][504]LogMetaData: Removing '/Game/GameGuildMemberFiles/servo_thomas/Timer.SKEL_Timer_C:ReceiveTick' ref from Metadata '/Game/FirstPersonBP/Blueprints/Timer.PackageMetaData'
[2019.10.04-22.27.41:005][504]LogMetaData: Removing '/Game/GameGuildMemberFiles/servo_thomas/Timer.SKEL_Timer_C:timeTaken' ref from Metadata '/Game/FirstPersonBP/Blueprints/Timer.PackageMetaData'
[2019.10.04-22.27.41:005][504]LogMetaData: Removing '/Game/GameGuildMemberFiles/servo_thomas/Timer.SKEL_Timer_C:DefaultSceneRoot' ref from Metadata '/Game/FirstPersonBP/Blueprints/Timer.PackageMetaData'
[2019.10.04-22.27.41:005][504]LogMetaData: Removing '/Game/GameGuildMemberFiles/servo_thomas/Timer.SKEL_Timer_C:ClockWidget' ref from Metadata '/Game/FirstPersonBP/Blueprints/Timer.PackageMetaData'
[2019.10.04-22.27.41:005][504]LogMetaData: Removing '/Game/GameGuildMemberFiles/servo_thomas/Timer.SKEL_Timer_C:UserConstructionScript' ref from Metadata '/Game/FirstPersonBP/Blueprints/Timer.PackageMetaData'
[2019.10.04-22.27.41:005][504]LogMetaData: Removing '/Game/GameGuildMemberFiles/servo_thomas/Timer.SKEL_Timer_C' ref from Metadata '/Game/FirstPersonBP/Blueprints/Timer.PackageMetaData'
[2019.10.04-22.27.41:005][504]LogMetaData: Removing '/Game/GameGuildMemberFiles/servo_thomas/Timer.Timer_C:timeTaken' ref from Metadata '/Game/FirstPersonBP/Blueprints/Timer.PackageMetaData'
[2019.10.04-22.27.41:005][504]LogMetaData: Removing '/Game/GameGuildMemberFiles/servo_thomas/Timer.Timer_C:DefaultSceneRoot' ref from Metadata '/Game/FirstPersonBP/Blueprints/Timer.PackageMetaData'
[2019.10.04-22.27.41:005][504]LogMetaData: Removing '/Game/GameGuildMemberFiles/servo_thomas/Timer.Timer_C:ClockWidget' ref from Metadata '/Game/FirstPersonBP/Blueprints/Timer.PackageMetaData'
[2019.10.04-22.27.41:005][504]LogMetaData: Removing '/Game/GameGuildMemberFiles/servo_thomas/Timer.Timer_C:ReceiveTick' ref from Metadata '/Game/FirstPersonBP/Blueprints/Timer.PackageMetaData'
[2019.10.04-22.27.41:046][504]LogSavePackage: Moving '../../../../../../Users/bennett253/Documents/GitHub/SupermarketSpeedrun/SpeedyBoyMarket/Saved/TimerFF27FBFE4F9AB9915D12C7BB5FCFBBC3.tmp' to '../../../../../../Users/bennett253/Documents/GitHub/SupermarketSpeedrun/SpeedyBoyMarket/Content/GameGuildMemberFiles/servo_thomas/Timer.uasset'
[2019.10.04-22.27.41:233][504]LogUObjectHash: Compacting FUObjectHashTables data took   4.37ms
[2019.10.04-22.27.41:273][504]LogUObjectHash: Compacting FUObjectHashTables data took   3.04ms
[2019.10.04-22.27.41:310][504]LogUObjectHash: Compacting FUObjectHashTables data took   1.12ms
[2019.10.04-22.27.59:220][720]LogHttp: Warning: 0000019BB0CBBEC0: invalid HTTP response code received. URL: https://datarouter.ol.epicgames.com/datarouter/api/v1/public/data?SessionID=%7B82439431-48DC-A3B1-997F-B0ADFB016AFA%7D&AppID=UEEditor.Rocket.Release&AppVersion=4.23.0-8243293%2B%2B%2BUE4%2BRelease-4.23&UserID=993320674afdac039c33b2985646e501%7Cd5ba7f62ebb14b6fbe4953288917be83%7C22c7eb4e-76e8-4220-b659-b095149cd494&AppEnvironment=datacollector-binary&UploadType=eteventstream, HTTP code: 0, content length: -1, actual payload size: 0
[2019.10.04-22.27.59:220][720]LogHttp: Warning: 0000019BB0CBBEC0: request failed, libcurl error: 0 (No error)
[2019.10.04-22.27.59:220][720]LogHttp: Warning: 0000019BB0CBBEC0: libcurl info message cache 0 (Found bundle for host datarouter.ol.epicgames.com: 0x19b21cd3f70 [can pipeline])
[2019.10.04-22.27.59:221][720]LogHttp: Warning: 0000019BB0CBBEC0: libcurl info message cache 1 (Re-using existing connection! (#4) with host datarouter.ol.epicgames.com)
[2019.10.04-22.27.59:221][720]LogHttp: Warning: 0000019BB0CBBEC0: libcurl info message cache 2 (Connected to datarouter.ol.epicgames.com (34.195.131.10) port 443 (#4))
[2019.10.04-22.27.59:221][720]LogHttp: Warning: 0000019BB0CBBEC0: libcurl info message cache 3 (We are completely uploaded and fine)
[2019.10.04-22.27.59:221][720]LogHttp: Warning: 0000019BB0CBBEC0: libcurl info message cache 4 (TLSv1.2 (IN), TLS alert, Client hello (1):)
[2019.10.04-22.27.59:221][720]LogHttp: Warning: 0000019BB0CBBEC0: libcurl info message cache 5 (Connection died, retrying a fresh connect)
[2019.10.04-22.27.59:221][720]LogHttp: Warning: 0000019BB0CBBEC0: libcurl info message cache 6 (necessary data rewind wasn't possible)
[2019.10.04-22.27.59:221][720]LogHttp: Warning: 0000019BB0CBBEC0: libcurl info message cache 7 (Closing connection 4)
[2019.10.04-22.27.59:221][720]LogHttp: Warning: 0000019BB0CBBEC0: libcurl info message cache 8 (TLSv1.2 (OUT), TLS alert, Client hello (1):)
[2019.10.04-22.27.59:221][720]LogHttp: Warning: Retry exhausted on https://datarouter.ol.epicgames.com/datarouter/api/v1/public/data?SessionID=%7B82439431-48DC-A3B1-997F-B0ADFB016AFA%7D&AppID=UEEditor.Rocket.Release&AppVersion=4.23.0-8243293%2B%2B%2BUE4%2BRelease-4.23&UserID=993320674afdac039c33b2985646e501%7Cd5ba7f62ebb14b6fbe4953288917be83%7C22c7eb4e-76e8-4220-b659-b095149cd494&AppEnvironment=datacollector-binary&UploadType=eteventstream
[2019.10.04-22.33.22:451][983]LogSlate: FSceneViewport::OnFocusLost() reason 0
[2019.10.04-22.33.24:744][217]LogSlate: FSceneViewport::OnFocusLost() reason 0
[2019.10.04-22.33.30:324][832]LogSlate: FSceneViewport::OnFocusLost() reason 0
[2019.10.04-22.33.32:646][ 72]BlueprintLog: New page: Compile ClockServo
[2019.10.04-22.33.32:911][ 72]LogUObjectHash: Compacting FUObjectHashTables data took   4.81ms
[2019.10.04-22.33.34:223][193]BlueprintLog: New page: Compile Plane2_Blueprint
[2019.10.04-22.33.34:431][193]LogUObjectHash: Compacting FUObjectHashTables data took   4.60ms
[2019.10.04-22.33.36:407][355]BlueprintLog: New page: Compile Timer
[2019.10.04-22.33.36:616][355]LogUObjectHash: Compacting FUObjectHashTables data took   4.71ms
[2019.10.04-22.33.37:554][464]LogTemp: Repeating last play command: Selected Viewport
[2019.10.04-22.33.37:579][464]LogBlueprintUserMessages: Early PlayInEditor Detection: Level '/Game/GameGuildMemberFiles/bennett_izzy/Level_Proto.Level_Proto:PersistentLevel' has LevelScriptBlueprint '/Game/GameGuildMemberFiles/bennett_izzy/Level_Proto.Level_Proto:PersistentLevel.Level_Proto' with GeneratedClass '/Game/GameGuildMemberFiles/bennett_izzy/Level_Proto.Level_Proto_C' with ClassGeneratedBy '/Game/GameGuildMemberFiles/bennett_izzy/Level_Proto.Level_Proto:PersistentLevel.Level_Proto'
[2019.10.04-22.33.37:579][464]LogPlayLevel: PlayLevel: No blueprints needed recompiling
[2019.10.04-22.33.37:579][464]PIE: New page: PIE session: Level_Proto (Oct 4, 2019, 2:33:37 PM)
[2019.10.04-22.33.37:579][464]LogPlayLevel: Creating play world package: /Game/GameGuildMemberFiles/bennett_izzy/UEDPIE_0_Level_Proto
[2019.10.04-22.33.37:581][464]LogPlayLevel: PIE: StaticDuplicateObject took: (0.001945s)
[2019.10.04-22.33.37:582][464]LogAIModule: Creating AISystem for world Level_Proto
[2019.10.04-22.33.37:582][464]LogPlayLevel: PIE: World Init took: (0.000942s)
[2019.10.04-22.33.37:582][464]LogPlayLevel: PIE: Created PIE world by copying editor world from /Game/GameGuildMemberFiles/bennett_izzy/Level_Proto.Level_Proto to /Game/GameGuildMemberFiles/bennett_izzy/UEDPIE_0_Level_Proto.Level_Proto (0.002986s)
[2019.10.04-22.33.37:621][464]LogUObjectHash: Compacting FUObjectHashTables data took   4.35ms
[2019.10.04-22.33.37:636][464]LogInit: XAudio2 using 'VS-66HN (NVIDIA High Definition Audio)' : 2 channels at 48 kHz using 16 bits per sample (channel mask 0x3)
[2019.10.04-22.33.37:646][464]LogInit: FAudioDevice initialized.
[2019.10.04-22.33.37:652][464]LogLoad: Game class is 'FirstPersonGameMode_C'
[2019.10.04-22.33.37:653][464]LogWorld: Bringing World /Game/GameGuildMemberFiles/bennett_izzy/UEDPIE_0_Level_Proto.Level_Proto up for play (max tick rate 0) at 2019.10.04-18.33.37
[2019.10.04-22.33.37:655][464]LogWorld: Bringing up level for play took: 0.001879
[2019.10.04-22.33.37:655][464]LogOnline: OSS: Creating online subsystem instance for: :Context_14
[2019.10.04-22.33.37:658][464]PIE: Play in editor start time for /Game/GameGuildMemberFiles/bennett_izzy/UEDPIE_0_Level_Proto 0.035
[2019.10.04-22.33.37:659][464]LogBlueprintUserMessages: Late PlayInEditor Detection: Level '/Game/GameGuildMemberFiles/bennett_izzy/Level_Proto.Level_Proto:PersistentLevel' has LevelScriptBlueprint '/Game/GameGuildMemberFiles/bennett_izzy/Level_Proto.Level_Proto:PersistentLevel.Level_Proto' with GeneratedClass '/Game/GameGuildMemberFiles/bennett_izzy/Level_Proto.Level_Proto_C' with ClassGeneratedBy '/Game/GameGuildMemberFiles/bennett_izzy/Level_Proto.Level_Proto:PersistentLevel.Level_Proto'
[2019.10.04-22.33.41:649][789]LogBlueprintUserMessages: Early EndPlayMap Detection: Level '/Game/GameGuildMemberFiles/bennett_izzy/Level_Proto.Level_Proto:PersistentLevel' has LevelScriptBlueprint '/Game/GameGuildMemberFiles/bennett_izzy/Level_Proto.Level_Proto:PersistentLevel.Level_Proto' with GeneratedClass '/Game/GameGuildMemberFiles/bennett_izzy/Level_Proto.Level_Proto_C' with ClassGeneratedBy '/Game/GameGuildMemberFiles/bennett_izzy/Level_Proto.Level_Proto:PersistentLevel.Level_Proto'
[2019.10.04-22.33.41:649][789]LogSlate: Updating window title bar state: overlay mode, drag disabled, window buttons hidden, title bar hidden
[2019.10.04-22.33.41:649][789]LogWorld: BeginTearingDown for /Game/GameGuildMemberFiles/bennett_izzy/UEDPIE_0_Level_Proto
[2019.10.04-22.33.41:650][789]LogWorld: UWorld::CleanupWorld for Level_Proto, bSessionEnded=true, bCleanupResources=true
[2019.10.04-22.33.41:682][789]LogPlayLevel: Display: Shutting down PIE online subsystems
[2019.10.04-22.33.41:682][789]LogBlueprintUserMessages: Late EndPlayMap Detection: Level '/Game/GameGuildMemberFiles/bennett_izzy/Level_Proto.Level_Proto:PersistentLevel' has LevelScriptBlueprint '/Game/GameGuildMemberFiles/bennett_izzy/Level_Proto.Level_Proto:PersistentLevel.Level_Proto' with GeneratedClass '/Game/GameGuildMemberFiles/bennett_izzy/Level_Proto.Level_Proto_C' with ClassGeneratedBy '/Game/GameGuildMemberFiles/bennett_izzy/Level_Proto.Level_Proto:PersistentLevel.Level_Proto'
[2019.10.04-22.33.41:731][789]LogSlate: Updating window title bar state: overlay mode, drag disabled, window buttons hidden, title bar hidden
[2019.10.04-22.33.41:735][789]LogUObjectHash: Compacting FUObjectHashTables data took   3.27ms
[2019.10.04-22.33.41:752][790]LogPlayLevel: Display: Destroying online subsystem :Context_14
[2019.10.04-22.33.44:455][ 45]LogEditorViewport: Clicking on Actor (LMB): Plane2_Blueprint_C (Plane2_Blueprint)
[2019.10.04-22.33.45:175][103]Cmd: DELETE
[2019.10.04-22.33.45:175][103]Cmd: ACTOR DELETE
[2019.10.04-22.33.45:178][103]LogEditorActor: Deleted Actor: Plane2_Blueprint_C
[2019.10.04-22.33.45:216][103]LogUObjectHash: Compacting FUObjectHashTables data took   2.90ms
[2019.10.04-22.33.45:216][103]LogEditorActor: Deleted 1 Actors (0.042 secs)
[2019.10.04-22.33.46:474][251]LogEditorViewport: Clicking on Actor (LMB): BP_Sky_Sphere_C (BP_Sky_Sphere)
[2019.10.04-22.33.47:282][341]LogEditorViewport: Clicking on Actor (LMB): Timer_C (Timer)
[2019.10.04-22.33.52:899][840]LogSlate: FSceneViewport::OnFocusLost() reason 0
[2019.10.04-22.33.56:683][104]LogSlate: FSceneViewport::OnFocusLost() reason 2
[2019.10.04-22.34.11:312][319]LogTemp: Repeating last play command: Selected Viewport
[2019.10.04-22.34.11:331][319]LogBlueprintUserMessages: Early PlayInEditor Detection: Level '/Game/GameGuildMemberFiles/bennett_izzy/Level_Proto.Level_Proto:PersistentLevel' has LevelScriptBlueprint '/Game/GameGuildMemberFiles/bennett_izzy/Level_Proto.Level_Proto:PersistentLevel.Level_Proto' with GeneratedClass '/Game/GameGuildMemberFiles/bennett_izzy/Level_Proto.Level_Proto_C' with ClassGeneratedBy '/Game/GameGuildMemberFiles/bennett_izzy/Level_Proto.Level_Proto:PersistentLevel.Level_Proto'
[2019.10.04-22.34.11:331][319]LogPlayLevel: PlayLevel: No blueprints needed recompiling
[2019.10.04-22.34.11:331][319]PIE: New page: PIE session: Level_Proto (Oct 4, 2019, 2:34:11 PM)
[2019.10.04-22.34.11:331][319]LogPlayLevel: Creating play world package: /Game/GameGuildMemberFiles/bennett_izzy/UEDPIE_0_Level_Proto
[2019.10.04-22.34.11:333][319]LogPlayLevel: PIE: StaticDuplicateObject took: (0.001706s)
[2019.10.04-22.34.11:334][319]LogAIModule: Creating AISystem for world Level_Proto
[2019.10.04-22.34.11:334][319]LogPlayLevel: PIE: World Init took: (0.000854s)
[2019.10.04-22.34.11:334][319]LogPlayLevel: PIE: Created PIE world by copying editor world from /Game/GameGuildMemberFiles/bennett_izzy/Level_Proto.Level_Proto to /Game/GameGuildMemberFiles/bennett_izzy/UEDPIE_0_Level_Proto.Level_Proto (0.002654s)
[2019.10.04-22.34.11:372][319]LogUObjectHash: Compacting FUObjectHashTables data took   3.39ms
[2019.10.04-22.34.11:389][319]LogInit: XAudio2 using 'VS-66HN (NVIDIA High Definition Audio)' : 2 channels at 48 kHz using 16 bits per sample (channel mask 0x3)
[2019.10.04-22.34.11:398][319]LogInit: FAudioDevice initialized.
[2019.10.04-22.34.11:406][319]LogLoad: Game class is 'FirstPersonGameMode_C'
[2019.10.04-22.34.11:407][319]LogWorld: Bringing World /Game/GameGuildMemberFiles/bennett_izzy/UEDPIE_0_Level_Proto.Level_Proto up for play (max tick rate 0) at 2019.10.04-18.34.11
[2019.10.04-22.34.11:407][319]LogWorld: Bringing up level for play took: 0.000466
[2019.10.04-22.34.11:407][319]LogOnline: OSS: Creating online subsystem instance for: :Context_15
[2019.10.04-22.34.11:410][319]PIE: Play in editor start time for /Game/GameGuildMemberFiles/bennett_izzy/UEDPIE_0_Level_Proto -0.213
[2019.10.04-22.34.11:410][319]LogBlueprintUserMessages: Late PlayInEditor Detection: Level '/Game/GameGuildMemberFiles/bennett_izzy/Level_Proto.Level_Proto:PersistentLevel' has LevelScriptBlueprint '/Game/GameGuildMemberFiles/bennett_izzy/Level_Proto.Level_Proto:PersistentLevel.Level_Proto' with GeneratedClass '/Game/GameGuildMemberFiles/bennett_izzy/Level_Proto.Level_Proto_C' with ClassGeneratedBy '/Game/GameGuildMemberFiles/bennett_izzy/Level_Proto.Level_Proto:PersistentLevel.Level_Proto'
[2019.10.04-22.34.20:433][ 93]LogBlueprintUserMessages: Early EndPlayMap Detection: Level '/Game/GameGuildMemberFiles/bennett_izzy/Level_Proto.Level_Proto:PersistentLevel' has LevelScriptBlueprint '/Game/GameGuildMemberFiles/bennett_izzy/Level_Proto.Level_Proto:PersistentLevel.Level_Proto' with GeneratedClass '/Game/GameGuildMemberFiles/bennett_izzy/Level_Proto.Level_Proto_C' with ClassGeneratedBy '/Game/GameGuildMemberFiles/bennett_izzy/Level_Proto.Level_Proto:PersistentLevel.Level_Proto'
[2019.10.04-22.34.20:433][ 93]LogSlate: Updating window title bar state: overlay mode, drag disabled, window buttons hidden, title bar hidden
[2019.10.04-22.34.20:434][ 93]LogWorld: BeginTearingDown for /Game/GameGuildMemberFiles/bennett_izzy/UEDPIE_0_Level_Proto
[2019.10.04-22.34.20:434][ 93]LogWorld: UWorld::CleanupWorld for Level_Proto, bSessionEnded=true, bCleanupResources=true
[2019.10.04-22.34.20:467][ 93]LogPlayLevel: Display: Shutting down PIE online subsystems
[2019.10.04-22.34.20:467][ 93]LogBlueprintUserMessages: Late EndPlayMap Detection: Level '/Game/GameGuildMemberFiles/bennett_izzy/Level_Proto.Level_Proto:PersistentLevel' has LevelScriptBlueprint '/Game/GameGuildMemberFiles/bennett_izzy/Level_Proto.Level_Proto:PersistentLevel.Level_Proto' with GeneratedClass '/Game/GameGuildMemberFiles/bennett_izzy/Level_Proto.Level_Proto_C' with ClassGeneratedBy '/Game/GameGuildMemberFiles/bennett_izzy/Level_Proto.Level_Proto:PersistentLevel.Level_Proto'
[2019.10.04-22.34.20:522][ 93]LogSlate: Updating window title bar state: overlay mode, drag disabled, window buttons hidden, title bar hidden
[2019.10.04-22.34.20:528][ 93]LogUObjectHash: Compacting FUObjectHashTables data took   5.04ms
[2019.10.04-22.34.20:546][ 94]LogPlayLevel: Display: Destroying online subsystem :Context_15
[2019.10.04-22.34.21:348][189]LogSlate: FSceneViewport::OnFocusLost() reason 0
[2019.10.04-22.35.19:568][965]BlueprintLog: New page: Compile Timer
[2019.10.04-22.35.19:783][965]LogUObjectHash: Compacting FUObjectHashTables data took   4.07ms
[2019.10.04-22.35.20:169][  4]LogSavePackage: Moving '../../../../../../Users/bennett253/Documents/GitHub/SupermarketSpeedrun/SpeedyBoyMarket/Saved/Timer3402D6624C5B34401F75CBAA5B3F24EE.tmp' to '../../../../../../Users/bennett253/Documents/GitHub/SupermarketSpeedrun/SpeedyBoyMarket/Content/GameGuildMemberFiles/servo_thomas/Timer.uasset'
[2019.10.04-22.35.30:066][158]LogSavePackage: Moving '../../../../../../Users/bennett253/Documents/GitHub/SupermarketSpeedrun/SpeedyBoyMarket/Saved/Timer8EB20DB3407DED3230211B9A9F9CADE4.tmp' to '../../../../../../Users/bennett253/Documents/GitHub/SupermarketSpeedrun/SpeedyBoyMarket/Content/GameGuildMemberFiles/servo_thomas/Timer.uasset'
